{"/Users/nickclouse/projects/GamePlan/frontend/src/App.tsx": {"path":"/Users/nickclouse/projects/GamePlan/frontend/src/App.tsx","all":true,"statementMap":{"0":{"start":{"line":1,"column":0},"end":{"line":1,"column":57}},"1":{"start":{"line":2,"column":0},"end":{"line":2,"column":45}},"2":{"start":{"line":3,"column":0},"end":{"line":3,"column":45}},"3":{"start":{"line":4,"column":0},"end":{"line":4,"column":41}},"4":{"start":{"line":5,"column":0},"end":{"line":5,"column":41}},"5":{"start":{"line":6,"column":0},"end":{"line":6,"column":32}},"6":{"start":{"line":7,"column":0},"end":{"line":7,"column":60}},"7":{"start":{"line":8,"column":0},"end":{"line":8,"column":42}},"8":{"start":{"line":9,"column":0},"end":{"line":9,"column":38}},"9":{"start":{"line":10,"column":0},"end":{"line":10,"column":40}},"10":{"start":{"line":11,"column":0},"end":{"line":11,"column":44}},"11":{"start":{"line":12,"column":0},"end":{"line":12,"column":42}},"12":{"start":{"line":13,"column":0},"end":{"line":13,"column":48}},"13":{"start":{"line":14,"column":0},"end":{"line":14,"column":74}},"15":{"start":{"line":16,"column":0},"end":{"line":16,"column":85}},"16":{"start":{"line":17,"column":0},"end":{"line":17,"column":50}},"17":{"start":{"line":18,"column":0},"end":{"line":18,"column":8}},"22":{"start":{"line":23,"column":0},"end":{"line":23,"column":88}},"23":{"start":{"line":24,"column":0},"end":{"line":24,"column":54}},"24":{"start":{"line":25,"column":0},"end":{"line":25,"column":52}},"25":{"start":{"line":26,"column":0},"end":{"line":26,"column":48}},"26":{"start":{"line":27,"column":0},"end":{"line":27,"column":54}},"27":{"start":{"line":28,"column":0},"end":{"line":28,"column":50}},"28":{"start":{"line":29,"column":0},"end":{"line":29,"column":26}},"29":{"start":{"line":30,"column":0},"end":{"line":30,"column":49}},"30":{"start":{"line":31,"column":0},"end":{"line":31,"column":8}},"35":{"start":{"line":36,"column":0},"end":{"line":36,"column":21}},"37":{"start":{"line":38,"column":0},"end":{"line":38,"column":39}},"39":{"start":{"line":40,"column":0},"end":{"line":40,"column":78}},"41":{"start":{"line":42,"column":0},"end":{"line":42,"column":59}},"42":{"start":{"line":43,"column":0},"end":{"line":43,"column":34}},"43":{"start":{"line":44,"column":0},"end":{"line":44,"column":27}},"44":{"start":{"line":45,"column":0},"end":{"line":45,"column":9}},"45":{"start":{"line":46,"column":0},"end":{"line":46,"column":51}},"46":{"start":{"line":47,"column":0},"end":{"line":47,"column":6}},"48":{"start":{"line":49,"column":0},"end":{"line":49,"column":72}},"49":{"start":{"line":50,"column":0},"end":{"line":50,"column":84}},"51":{"start":{"line":52,"column":0},"end":{"line":52,"column":49}},"54":{"start":{"line":55,"column":0},"end":{"line":55,"column":35}},"55":{"start":{"line":56,"column":0},"end":{"line":56,"column":15}},"56":{"start":{"line":57,"column":0},"end":{"line":57,"column":72}},"57":{"start":{"line":58,"column":0},"end":{"line":58,"column":86}},"58":{"start":{"line":59,"column":0},"end":{"line":59,"column":10}},"59":{"start":{"line":60,"column":0},"end":{"line":60,"column":41}},"60":{"start":{"line":61,"column":0},"end":{"line":61,"column":6}},"62":{"start":{"line":63,"column":0},"end":{"line":63,"column":83}},"63":{"start":{"line":64,"column":0},"end":{"line":64,"column":56}},"65":{"start":{"line":66,"column":0},"end":{"line":66,"column":56}},"66":{"start":{"line":67,"column":0},"end":{"line":67,"column":52}},"67":{"start":{"line":68,"column":0},"end":{"line":68,"column":48}},"68":{"start":{"line":69,"column":0},"end":{"line":69,"column":52}},"69":{"start":{"line":70,"column":0},"end":{"line":70,"column":46}},"70":{"start":{"line":71,"column":0},"end":{"line":71,"column":82}},"73":{"start":{"line":74,"column":0},"end":{"line":74,"column":68}},"74":{"start":{"line":75,"column":0},"end":{"line":75,"column":27}},"75":{"start":{"line":76,"column":0},"end":{"line":76,"column":19}},"76":{"start":{"line":77,"column":0},"end":{"line":77,"column":9}},"78":{"start":{"line":79,"column":0},"end":{"line":79,"column":22}},"79":{"start":{"line":80,"column":0},"end":{"line":80,"column":29}},"80":{"start":{"line":81,"column":0},"end":{"line":81,"column":9}},"81":{"start":{"line":82,"column":0},"end":{"line":82,"column":13}},"83":{"start":{"line":84,"column":0},"end":{"line":84,"column":52}},"84":{"start":{"line":85,"column":0},"end":{"line":85,"column":55}},"85":{"start":{"line":86,"column":0},"end":{"line":86,"column":74}},"86":{"start":{"line":87,"column":0},"end":{"line":87,"column":13}},"87":{"start":{"line":88,"column":0},"end":{"line":88,"column":89}},"88":{"start":{"line":89,"column":0},"end":{"line":89,"column":33}},"89":{"start":{"line":90,"column":0},"end":{"line":90,"column":75}},"90":{"start":{"line":91,"column":0},"end":{"line":91,"column":49}},"91":{"start":{"line":92,"column":0},"end":{"line":92,"column":19}},"93":{"start":{"line":94,"column":0},"end":{"line":94,"column":38}},"95":{"start":{"line":96,"column":0},"end":{"line":96,"column":69}},"96":{"start":{"line":97,"column":0},"end":{"line":97,"column":52}},"97":{"start":{"line":98,"column":0},"end":{"line":98,"column":34}},"98":{"start":{"line":99,"column":0},"end":{"line":99,"column":19}},"100":{"start":{"line":101,"column":0},"end":{"line":101,"column":76}},"101":{"start":{"line":102,"column":0},"end":{"line":102,"column":45}},"102":{"start":{"line":103,"column":0},"end":{"line":103,"column":20}},"104":{"start":{"line":105,"column":0},"end":{"line":105,"column":58}},"105":{"start":{"line":106,"column":0},"end":{"line":106,"column":38}},"106":{"start":{"line":107,"column":0},"end":{"line":107,"column":34}},"107":{"start":{"line":108,"column":0},"end":{"line":108,"column":19}},"108":{"start":{"line":109,"column":0},"end":{"line":109,"column":60}},"109":{"start":{"line":110,"column":0},"end":{"line":110,"column":45}},"110":{"start":{"line":111,"column":0},"end":{"line":111,"column":13}},"111":{"start":{"line":112,"column":0},"end":{"line":112,"column":23}},"112":{"start":{"line":113,"column":0},"end":{"line":113,"column":31}},"113":{"start":{"line":114,"column":0},"end":{"line":114,"column":19}},"114":{"start":{"line":115,"column":0},"end":{"line":115,"column":26}},"115":{"start":{"line":116,"column":0},"end":{"line":116,"column":34}},"116":{"start":{"line":117,"column":0},"end":{"line":117,"column":13}},"117":{"start":{"line":118,"column":0},"end":{"line":118,"column":9}},"118":{"start":{"line":119,"column":0},"end":{"line":119,"column":50}},"120":{"start":{"line":121,"column":0},"end":{"line":121,"column":21}},"121":{"start":{"line":122,"column":0},"end":{"line":122,"column":32}},"122":{"start":{"line":123,"column":0},"end":{"line":123,"column":27}},"124":{"start":{"line":125,"column":0},"end":{"line":125,"column":21}},"125":{"start":{"line":126,"column":0},"end":{"line":126,"column":59}},"126":{"start":{"line":127,"column":0},"end":{"line":127,"column":87}},"127":{"start":{"line":128,"column":0},"end":{"line":128,"column":26}},"128":{"start":{"line":129,"column":0},"end":{"line":129,"column":23}},"129":{"start":{"line":130,"column":0},"end":{"line":130,"column":13}},"131":{"start":{"line":132,"column":0},"end":{"line":132,"column":69}},"132":{"start":{"line":133,"column":0},"end":{"line":133,"column":40}},"133":{"start":{"line":134,"column":0},"end":{"line":134,"column":13}},"135":{"start":{"line":136,"column":0},"end":{"line":136,"column":71}},"136":{"start":{"line":137,"column":0},"end":{"line":137,"column":40}},"137":{"start":{"line":138,"column":0},"end":{"line":138,"column":13}},"138":{"start":{"line":139,"column":0},"end":{"line":139,"column":10}},"140":{"start":{"line":141,"column":0},"end":{"line":141,"column":89}},"141":{"start":{"line":142,"column":0},"end":{"line":142,"column":105}},"142":{"start":{"line":143,"column":0},"end":{"line":143,"column":48}},"144":{"start":{"line":145,"column":0},"end":{"line":145,"column":21}},"145":{"start":{"line":146,"column":0},"end":{"line":146,"column":27}},"146":{"start":{"line":147,"column":0},"end":{"line":147,"column":19}},"147":{"start":{"line":148,"column":0},"end":{"line":148,"column":9}},"149":{"start":{"line":150,"column":0},"end":{"line":150,"column":39}},"150":{"start":{"line":151,"column":0},"end":{"line":151,"column":57}},"151":{"start":{"line":152,"column":0},"end":{"line":152,"column":44}},"152":{"start":{"line":153,"column":0},"end":{"line":153,"column":13}},"153":{"start":{"line":154,"column":0},"end":{"line":154,"column":10}},"155":{"start":{"line":156,"column":0},"end":{"line":156,"column":71}},"156":{"start":{"line":157,"column":0},"end":{"line":157,"column":58}},"157":{"start":{"line":158,"column":0},"end":{"line":158,"column":71}},"159":{"start":{"line":160,"column":0},"end":{"line":160,"column":22}},"160":{"start":{"line":161,"column":0},"end":{"line":161,"column":45}},"161":{"start":{"line":162,"column":0},"end":{"line":162,"column":65}},"162":{"start":{"line":163,"column":0},"end":{"line":163,"column":78}},"163":{"start":{"line":164,"column":0},"end":{"line":164,"column":10}},"164":{"start":{"line":165,"column":0},"end":{"line":165,"column":36}},"166":{"start":{"line":167,"column":0},"end":{"line":167,"column":21}},"167":{"start":{"line":168,"column":0},"end":{"line":168,"column":38}},"168":{"start":{"line":169,"column":0},"end":{"line":169,"column":29}},"169":{"start":{"line":170,"column":0},"end":{"line":170,"column":17}},"170":{"start":{"line":171,"column":0},"end":{"line":171,"column":56}},"172":{"start":{"line":173,"column":0},"end":{"line":173,"column":61}},"173":{"start":{"line":174,"column":0},"end":{"line":174,"column":72}},"174":{"start":{"line":175,"column":0},"end":{"line":175,"column":49}},"175":{"start":{"line":176,"column":0},"end":{"line":176,"column":45}},"176":{"start":{"line":177,"column":0},"end":{"line":177,"column":47}},"177":{"start":{"line":178,"column":0},"end":{"line":178,"column":51}},"178":{"start":{"line":179,"column":0},"end":{"line":179,"column":45}},"179":{"start":{"line":180,"column":0},"end":{"line":180,"column":77}},"180":{"start":{"line":181,"column":0},"end":{"line":181,"column":36}},"181":{"start":{"line":182,"column":0},"end":{"line":182,"column":101}},"182":{"start":{"line":183,"column":0},"end":{"line":183,"column":37}},"183":{"start":{"line":184,"column":0},"end":{"line":184,"column":23}},"184":{"start":{"line":185,"column":0},"end":{"line":185,"column":34}},"185":{"start":{"line":186,"column":0},"end":{"line":186,"column":13}},"186":{"start":{"line":187,"column":0},"end":{"line":187,"column":9}},"188":{"start":{"line":189,"column":0},"end":{"line":189,"column":22}},"189":{"start":{"line":190,"column":0},"end":{"line":190,"column":11}},"191":{"start":{"line":192,"column":0},"end":{"line":192,"column":12}},"192":{"start":{"line":193,"column":0},"end":{"line":193,"column":52}},"193":{"start":{"line":194,"column":0},"end":{"line":194,"column":61}},"195":{"start":{"line":196,"column":0},"end":{"line":196,"column":41}},"196":{"start":{"line":197,"column":0},"end":{"line":197,"column":24}},"197":{"start":{"line":198,"column":0},"end":{"line":198,"column":26}},"198":{"start":{"line":199,"column":0},"end":{"line":199,"column":29}},"199":{"start":{"line":200,"column":0},"end":{"line":200,"column":33}},"200":{"start":{"line":201,"column":0},"end":{"line":201,"column":37}},"201":{"start":{"line":202,"column":0},"end":{"line":202,"column":98}},"202":{"start":{"line":203,"column":0},"end":{"line":203,"column":39}},"203":{"start":{"line":204,"column":0},"end":{"line":204,"column":30}},"205":{"start":{"line":206,"column":0},"end":{"line":206,"column":22}},"206":{"start":{"line":207,"column":0},"end":{"line":207,"column":26}},"207":{"start":{"line":208,"column":0},"end":{"line":208,"column":35}},"208":{"start":{"line":209,"column":0},"end":{"line":209,"column":33}},"209":{"start":{"line":210,"column":0},"end":{"line":210,"column":33}},"210":{"start":{"line":211,"column":0},"end":{"line":211,"column":53}},"211":{"start":{"line":212,"column":0},"end":{"line":212,"column":53}},"212":{"start":{"line":213,"column":0},"end":{"line":213,"column":49}},"213":{"start":{"line":214,"column":0},"end":{"line":214,"column":51}},"214":{"start":{"line":215,"column":0},"end":{"line":215,"column":55}},"215":{"start":{"line":216,"column":0},"end":{"line":216,"column":49}},"216":{"start":{"line":217,"column":0},"end":{"line":217,"column":59}},"217":{"start":{"line":218,"column":0},"end":{"line":218,"column":63}},"218":{"start":{"line":219,"column":0},"end":{"line":219,"column":67}},"219":{"start":{"line":220,"column":0},"end":{"line":220,"column":49}},"220":{"start":{"line":221,"column":0},"end":{"line":221,"column":30}},"222":{"start":{"line":223,"column":0},"end":{"line":223,"column":22}},"223":{"start":{"line":224,"column":0},"end":{"line":224,"column":26}},"224":{"start":{"line":225,"column":0},"end":{"line":225,"column":47}},"225":{"start":{"line":226,"column":0},"end":{"line":226,"column":33}},"226":{"start":{"line":227,"column":0},"end":{"line":227,"column":51}},"227":{"start":{"line":228,"column":0},"end":{"line":228,"column":81}},"229":{"start":{"line":230,"column":0},"end":{"line":230,"column":49}},"230":{"start":{"line":231,"column":0},"end":{"line":231,"column":57}},"231":{"start":{"line":232,"column":0},"end":{"line":232,"column":57}},"232":{"start":{"line":233,"column":0},"end":{"line":233,"column":53}},"233":{"start":{"line":234,"column":0},"end":{"line":234,"column":55}},"234":{"start":{"line":235,"column":0},"end":{"line":235,"column":59}},"235":{"start":{"line":236,"column":0},"end":{"line":236,"column":53}},"236":{"start":{"line":237,"column":0},"end":{"line":237,"column":63}},"237":{"start":{"line":238,"column":0},"end":{"line":238,"column":69}},"238":{"start":{"line":239,"column":0},"end":{"line":239,"column":85}},"239":{"start":{"line":240,"column":0},"end":{"line":240,"column":34}},"242":{"start":{"line":243,"column":0},"end":{"line":243,"column":22}},"243":{"start":{"line":244,"column":0},"end":{"line":244,"column":78}},"244":{"start":{"line":245,"column":0},"end":{"line":245,"column":36}},"245":{"start":{"line":246,"column":0},"end":{"line":246,"column":49}},"246":{"start":{"line":247,"column":0},"end":{"line":247,"column":61}},"247":{"start":{"line":248,"column":0},"end":{"line":248,"column":49}},"248":{"start":{"line":249,"column":0},"end":{"line":249,"column":45}},"249":{"start":{"line":250,"column":0},"end":{"line":250,"column":47}},"250":{"start":{"line":251,"column":0},"end":{"line":251,"column":51}},"251":{"start":{"line":252,"column":0},"end":{"line":252,"column":45}},"252":{"start":{"line":253,"column":0},"end":{"line":253,"column":55}},"253":{"start":{"line":254,"column":0},"end":{"line":254,"column":67}},"254":{"start":{"line":255,"column":0},"end":{"line":255,"column":55}},"255":{"start":{"line":256,"column":0},"end":{"line":256,"column":51}},"256":{"start":{"line":257,"column":0},"end":{"line":257,"column":53}},"257":{"start":{"line":258,"column":0},"end":{"line":258,"column":57}},"258":{"start":{"line":259,"column":0},"end":{"line":259,"column":51}},"259":{"start":{"line":260,"column":0},"end":{"line":260,"column":77}},"260":{"start":{"line":261,"column":0},"end":{"line":261,"column":83}},"261":{"start":{"line":262,"column":0},"end":{"line":262,"column":66}},"262":{"start":{"line":263,"column":0},"end":{"line":263,"column":45}},"263":{"start":{"line":264,"column":0},"end":{"line":264,"column":31}},"264":{"start":{"line":265,"column":0},"end":{"line":265,"column":94}},"265":{"start":{"line":266,"column":0},"end":{"line":266,"column":66}},"266":{"start":{"line":267,"column":0},"end":{"line":267,"column":69}},"267":{"start":{"line":268,"column":0},"end":{"line":268,"column":101}},"268":{"start":{"line":269,"column":0},"end":{"line":269,"column":103}},"269":{"start":{"line":270,"column":0},"end":{"line":270,"column":97}},"270":{"start":{"line":271,"column":0},"end":{"line":271,"column":113}},"271":{"start":{"line":272,"column":0},"end":{"line":272,"column":25}},"272":{"start":{"line":273,"column":0},"end":{"line":273,"column":19}},"274":{"start":{"line":275,"column":0},"end":{"line":275,"column":22}},"275":{"start":{"line":276,"column":0},"end":{"line":276,"column":14}},"277":{"start":{"line":278,"column":0},"end":{"line":278,"column":1}},"279":{"start":{"line":280,"column":0},"end":{"line":280,"column":31}},"280":{"start":{"line":281,"column":0},"end":{"line":281,"column":12}},"281":{"start":{"line":282,"column":0},"end":{"line":282,"column":16}},"283":{"start":{"line":284,"column":0},"end":{"line":284,"column":52}},"284":{"start":{"line":285,"column":0},"end":{"line":285,"column":55}},"285":{"start":{"line":286,"column":0},"end":{"line":286,"column":57}},"288":{"start":{"line":289,"column":0},"end":{"line":289,"column":18}},"289":{"start":{"line":290,"column":0},"end":{"line":290,"column":29}},"290":{"start":{"line":291,"column":0},"end":{"line":291,"column":25}},"291":{"start":{"line":292,"column":0},"end":{"line":292,"column":53}},"292":{"start":{"line":293,"column":0},"end":{"line":293,"column":36}},"293":{"start":{"line":294,"column":0},"end":{"line":294,"column":34}},"295":{"start":{"line":296,"column":0},"end":{"line":296,"column":14}},"298":{"start":{"line":299,"column":0},"end":{"line":299,"column":53}},"299":{"start":{"line":300,"column":0},"end":{"line":300,"column":17}},"301":{"start":{"line":302,"column":0},"end":{"line":302,"column":1}}},"s":{"0":0,"1":0,"2":0,"3":0,"4":0,"5":0,"6":0,"7":0,"8":0,"9":0,"10":0,"11":0,"12":0,"13":0,"15":0,"16":0,"17":0,"22":0,"23":0,"24":0,"25":0,"26":0,"27":0,"28":0,"29":0,"30":0,"35":0,"37":0,"39":0,"41":0,"42":0,"43":0,"44":0,"45":0,"46":0,"48":0,"49":0,"51":0,"54":0,"55":0,"56":0,"57":0,"58":0,"59":0,"60":0,"62":0,"63":0,"65":0,"66":0,"67":0,"68":0,"69":0,"70":0,"73":0,"74":0,"75":0,"76":0,"78":0,"79":0,"80":0,"81":0,"83":0,"84":0,"85":0,"86":0,"87":0,"88":0,"89":0,"90":0,"91":0,"93":0,"95":0,"96":0,"97":0,"98":0,"100":0,"101":0,"102":0,"104":0,"105":0,"106":0,"107":0,"108":0,"109":0,"110":0,"111":0,"112":0,"113":0,"114":0,"115":0,"116":0,"117":0,"118":0,"120":0,"121":0,"122":0,"124":0,"125":0,"126":0,"127":0,"128":0,"129":0,"131":0,"132":0,"133":0,"135":0,"136":0,"137":0,"138":0,"140":0,"141":0,"142":0,"144":0,"145":0,"146":0,"147":0,"149":0,"150":0,"151":0,"152":0,"153":0,"155":0,"156":0,"157":0,"159":0,"160":0,"161":0,"162":0,"163":0,"164":0,"166":0,"167":0,"168":0,"169":0,"170":0,"172":0,"173":0,"174":0,"175":0,"176":0,"177":0,"178":0,"179":0,"180":0,"181":0,"182":0,"183":0,"184":0,"185":0,"186":0,"188":0,"189":0,"191":0,"192":0,"193":0,"195":0,"196":0,"197":0,"198":0,"199":0,"200":0,"201":0,"202":0,"203":0,"205":0,"206":0,"207":0,"208":0,"209":0,"210":0,"211":0,"212":0,"213":0,"214":0,"215":0,"216":0,"217":0,"218":0,"219":0,"220":0,"222":0,"223":0,"224":0,"225":0,"226":0,"227":0,"229":0,"230":0,"231":0,"232":0,"233":0,"234":0,"235":0,"236":0,"237":0,"238":0,"239":0,"242":0,"243":0,"244":0,"245":0,"246":0,"247":0,"248":0,"249":0,"250":0,"251":0,"252":0,"253":0,"254":0,"255":0,"256":0,"257":0,"258":0,"259":0,"260":0,"261":0,"262":0,"263":0,"264":0,"265":0,"266":0,"267":0,"268":0,"269":0,"270":0,"271":0,"272":0,"274":0,"275":0,"277":0,"279":0,"280":0,"281":0,"283":0,"284":0,"285":0,"288":0,"289":0,"290":0,"291":0,"292":0,"293":0,"295":0,"298":0,"299":0,"301":0},"branchMap":{"0":{"type":"branch","line":1,"loc":{"start":{"line":1,"column":12070},"end":{"line":302,"column":1}},"locations":[{"start":{"line":1,"column":12070},"end":{"line":302,"column":1}}]}},"b":{"0":[0]},"fnMap":{"0":{"name":"(empty-report)","decl":{"start":{"line":1,"column":12070},"end":{"line":302,"column":1}},"loc":{"start":{"line":1,"column":12070},"end":{"line":302,"column":1}},"line":1}},"f":{"0":0}}
,"/Users/nickclouse/projects/GamePlan/frontend/src/main.tsx": {"path":"/Users/nickclouse/projects/GamePlan/frontend/src/main.tsx","all":true,"statementMap":{"0":{"start":{"line":1,"column":0},"end":{"line":1,"column":34}},"1":{"start":{"line":2,"column":0},"end":{"line":2,"column":45}},"2":{"start":{"line":3,"column":0},"end":{"line":3,"column":48}},"3":{"start":{"line":4,"column":0},"end":{"line":4,"column":20}},"4":{"start":{"line":5,"column":0},"end":{"line":5,"column":27}},"5":{"start":{"line":6,"column":0},"end":{"line":6,"column":54}},"7":{"start":{"line":8,"column":0},"end":{"line":8,"column":52}},"8":{"start":{"line":9,"column":0},"end":{"line":9,"column":16}},"9":{"start":{"line":10,"column":0},"end":{"line":10,"column":23}},"10":{"start":{"line":11,"column":0},"end":{"line":11,"column":26}},"11":{"start":{"line":12,"column":0},"end":{"line":12,"column":23}},"12":{"start":{"line":13,"column":0},"end":{"line":13,"column":27}},"13":{"start":{"line":14,"column":0},"end":{"line":14,"column":24}},"14":{"start":{"line":15,"column":0},"end":{"line":15,"column":18}},"15":{"start":{"line":16,"column":0},"end":{"line":16,"column":1}}},"s":{"0":0,"1":0,"2":0,"3":0,"4":0,"5":0,"7":0,"8":0,"9":0,"10":0,"11":0,"12":0,"13":0,"14":0,"15":0},"branchMap":{"0":{"type":"branch","line":1,"loc":{"start":{"line":1,"column":372},"end":{"line":16,"column":-302}},"locations":[{"start":{"line":1,"column":372},"end":{"line":16,"column":-302}}]}},"b":{"0":[0]},"fnMap":{"0":{"name":"(empty-report)","decl":{"start":{"line":1,"column":372},"end":{"line":16,"column":-302}},"loc":{"start":{"line":1,"column":372},"end":{"line":16,"column":-302}},"line":1}},"f":{"0":0}}
,"/Users/nickclouse/projects/GamePlan/frontend/src/types.ts": {"path":"/Users/nickclouse/projects/GamePlan/frontend/src/types.ts","all":true,"statementMap":{"0":{"start":{"line":1,"column":0},"end":{"line":1,"column":31}},"1":{"start":{"line":2,"column":0},"end":{"line":2,"column":31}},"2":{"start":{"line":3,"column":0},"end":{"line":3,"column":33}}},"s":{"0":0,"1":0,"2":0},"branchMap":{"0":{"type":"branch","line":1,"loc":{"start":{"line":1,"column":2971},"end":{"line":148,"column":78}},"locations":[{"start":{"line":1,"column":2971},"end":{"line":148,"column":78}}]}},"b":{"0":[0]},"fnMap":{"0":{"name":"(empty-report)","decl":{"start":{"line":1,"column":2971},"end":{"line":148,"column":78}},"loc":{"start":{"line":1,"column":2971},"end":{"line":148,"column":78}},"line":1}},"f":{"0":0}}
,"/Users/nickclouse/projects/GamePlan/frontend/src/api/Admin.ts": {"path":"/Users/nickclouse/projects/GamePlan/frontend/src/api/Admin.ts","all":false,"statementMap":{"2":{"start":{"line":3,"column":0},"end":{"line":3,"column":81}},"3":{"start":{"line":4,"column":0},"end":{"line":4,"column":39}},"4":{"start":{"line":5,"column":0},"end":{"line":5,"column":16}},"5":{"start":{"line":6,"column":0},"end":{"line":6,"column":24}},"6":{"start":{"line":7,"column":0},"end":{"line":7,"column":5}},"8":{"start":{"line":9,"column":0},"end":{"line":9,"column":9}},"9":{"start":{"line":10,"column":0},"end":{"line":10,"column":38}},"10":{"start":{"line":11,"column":0},"end":{"line":11,"column":28}},"11":{"start":{"line":12,"column":0},"end":{"line":12,"column":32}},"12":{"start":{"line":13,"column":0},"end":{"line":13,"column":9}},"13":{"start":{"line":14,"column":0},"end":{"line":14,"column":13}},"15":{"start":{"line":16,"column":0},"end":{"line":16,"column":5}},"17":{"start":{"line":18,"column":0},"end":{"line":18,"column":23}},"18":{"start":{"line":19,"column":0},"end":{"line":19,"column":1}},"20":{"start":{"line":21,"column":0},"end":{"line":21,"column":41}},"21":{"start":{"line":22,"column":0},"end":{"line":22,"column":49}},"22":{"start":{"line":23,"column":0},"end":{"line":23,"column":22}},"23":{"start":{"line":24,"column":0},"end":{"line":24,"column":31}},"24":{"start":{"line":25,"column":0},"end":{"line":25,"column":7}},"26":{"start":{"line":27,"column":0},"end":{"line":27,"column":18}},"27":{"start":{"line":28,"column":0},"end":{"line":28,"column":80}},"28":{"start":{"line":29,"column":0},"end":{"line":29,"column":33}},"29":{"start":{"line":30,"column":0},"end":{"line":30,"column":5}},"31":{"start":{"line":32,"column":0},"end":{"line":32,"column":52}},"32":{"start":{"line":33,"column":0},"end":{"line":33,"column":1}},"34":{"start":{"line":35,"column":0},"end":{"line":35,"column":68}},"35":{"start":{"line":36,"column":0},"end":{"line":36,"column":64}},"36":{"start":{"line":37,"column":0},"end":{"line":37,"column":23}},"37":{"start":{"line":38,"column":0},"end":{"line":38,"column":31}},"38":{"start":{"line":39,"column":0},"end":{"line":39,"column":18}},"39":{"start":{"line":40,"column":0},"end":{"line":40,"column":47}},"40":{"start":{"line":41,"column":0},"end":{"line":41,"column":10}},"41":{"start":{"line":42,"column":0},"end":{"line":42,"column":39}},"42":{"start":{"line":43,"column":0},"end":{"line":43,"column":7}},"44":{"start":{"line":45,"column":0},"end":{"line":45,"column":18}},"45":{"start":{"line":46,"column":0},"end":{"line":46,"column":85}},"46":{"start":{"line":47,"column":0},"end":{"line":47,"column":33}},"47":{"start":{"line":48,"column":0},"end":{"line":48,"column":5}},"49":{"start":{"line":50,"column":0},"end":{"line":50,"column":50}},"50":{"start":{"line":51,"column":0},"end":{"line":51,"column":1}},"52":{"start":{"line":53,"column":0},"end":{"line":53,"column":60}},"53":{"start":{"line":54,"column":0},"end":{"line":54,"column":40}},"54":{"start":{"line":55,"column":0},"end":{"line":55,"column":1}},"56":{"start":{"line":57,"column":0},"end":{"line":57,"column":59}},"57":{"start":{"line":58,"column":0},"end":{"line":58,"column":45}},"58":{"start":{"line":59,"column":0},"end":{"line":59,"column":1}},"67":{"start":{"line":68,"column":0},"end":{"line":68,"column":72}},"68":{"start":{"line":69,"column":0},"end":{"line":69,"column":49}},"69":{"start":{"line":70,"column":0},"end":{"line":70,"column":23}},"70":{"start":{"line":71,"column":0},"end":{"line":71,"column":31}},"71":{"start":{"line":72,"column":0},"end":{"line":72,"column":18}},"72":{"start":{"line":73,"column":0},"end":{"line":73,"column":47}},"73":{"start":{"line":74,"column":0},"end":{"line":74,"column":10}},"74":{"start":{"line":75,"column":0},"end":{"line":75,"column":38}},"75":{"start":{"line":76,"column":0},"end":{"line":76,"column":7}},"77":{"start":{"line":78,"column":0},"end":{"line":78,"column":18}},"78":{"start":{"line":79,"column":0},"end":{"line":79,"column":80}},"79":{"start":{"line":80,"column":0},"end":{"line":80,"column":33}},"80":{"start":{"line":81,"column":0},"end":{"line":81,"column":5}},"82":{"start":{"line":83,"column":0},"end":{"line":83,"column":50}},"83":{"start":{"line":84,"column":0},"end":{"line":84,"column":1}},"85":{"start":{"line":86,"column":0},"end":{"line":86,"column":64}},"86":{"start":{"line":87,"column":0},"end":{"line":87,"column":63}},"87":{"start":{"line":88,"column":0},"end":{"line":88,"column":22}},"88":{"start":{"line":89,"column":0},"end":{"line":89,"column":31}},"89":{"start":{"line":90,"column":0},"end":{"line":90,"column":7}},"91":{"start":{"line":92,"column":0},"end":{"line":92,"column":18}},"92":{"start":{"line":93,"column":0},"end":{"line":93,"column":88}},"93":{"start":{"line":94,"column":0},"end":{"line":94,"column":33}},"94":{"start":{"line":95,"column":0},"end":{"line":95,"column":5}},"96":{"start":{"line":97,"column":0},"end":{"line":97,"column":60}},"97":{"start":{"line":98,"column":0},"end":{"line":98,"column":27}},"98":{"start":{"line":99,"column":0},"end":{"line":99,"column":1}}},"s":{"2":5,"3":5,"4":5,"5":1,"6":1,"8":4,"9":4,"10":5,"11":3,"12":3,"13":5,"15":1,"17":1,"18":1,"20":2,"21":2,"22":2,"23":2,"24":2,"26":2,"27":1,"28":1,"29":1,"31":1,"32":1,"34":3,"35":3,"36":3,"37":3,"38":3,"39":3,"40":3,"41":3,"42":3,"44":3,"45":0,"46":0,"47":0,"49":3,"50":3,"52":1,"53":1,"54":1,"56":1,"57":1,"58":1,"67":1,"68":1,"69":1,"70":1,"71":1,"72":1,"73":1,"74":1,"75":1,"77":1,"78":0,"79":0,"80":0,"82":1,"83":1,"85":1,"86":1,"87":1,"88":1,"89":1,"91":1,"92":0,"93":0,"94":0,"96":1,"97":1,"98":1},"branchMap":{"0":{"type":"branch","line":3,"loc":{"start":{"line":3,"column":0},"end":{"line":19,"column":1}},"locations":[{"start":{"line":3,"column":0},"end":{"line":19,"column":1}}]},"1":{"type":"branch","line":5,"loc":{"start":{"line":5,"column":15},"end":{"line":7,"column":5}},"locations":[{"start":{"line":5,"column":15},"end":{"line":7,"column":5}}]},"2":{"type":"branch","line":7,"loc":{"start":{"line":7,"column":4},"end":{"line":11,"column":18}},"locations":[{"start":{"line":7,"column":4},"end":{"line":11,"column":18}}]},"3":{"type":"branch","line":11,"loc":{"start":{"line":11,"column":12},"end":{"line":11,"column":27}},"locations":[{"start":{"line":11,"column":12},"end":{"line":11,"column":27}}]},"4":{"type":"branch","line":11,"loc":{"start":{"line":11,"column":27},"end":{"line":13,"column":9}},"locations":[{"start":{"line":11,"column":27},"end":{"line":13,"column":9}}]},"5":{"type":"branch","line":14,"loc":{"start":{"line":14,"column":4},"end":{"line":19,"column":1}},"locations":[{"start":{"line":14,"column":4},"end":{"line":19,"column":1}}]},"6":{"type":"branch","line":21,"loc":{"start":{"line":21,"column":0},"end":{"line":33,"column":1}},"locations":[{"start":{"line":21,"column":0},"end":{"line":33,"column":1}}]},"7":{"type":"branch","line":27,"loc":{"start":{"line":27,"column":17},"end":{"line":33,"column":1}},"locations":[{"start":{"line":27,"column":17},"end":{"line":33,"column":1}}]},"8":{"type":"branch","line":35,"loc":{"start":{"line":35,"column":0},"end":{"line":51,"column":1}},"locations":[{"start":{"line":35,"column":0},"end":{"line":51,"column":1}}]},"9":{"type":"branch","line":45,"loc":{"start":{"line":45,"column":17},"end":{"line":48,"column":5}},"locations":[{"start":{"line":45,"column":17},"end":{"line":48,"column":5}}]},"10":{"type":"branch","line":53,"loc":{"start":{"line":53,"column":0},"end":{"line":55,"column":1}},"locations":[{"start":{"line":53,"column":0},"end":{"line":55,"column":1}}]},"11":{"type":"branch","line":57,"loc":{"start":{"line":57,"column":0},"end":{"line":59,"column":1}},"locations":[{"start":{"line":57,"column":0},"end":{"line":59,"column":1}}]},"12":{"type":"branch","line":68,"loc":{"start":{"line":68,"column":0},"end":{"line":84,"column":1}},"locations":[{"start":{"line":68,"column":0},"end":{"line":84,"column":1}}]},"13":{"type":"branch","line":78,"loc":{"start":{"line":78,"column":17},"end":{"line":81,"column":5}},"locations":[{"start":{"line":78,"column":17},"end":{"line":81,"column":5}}]},"14":{"type":"branch","line":86,"loc":{"start":{"line":86,"column":0},"end":{"line":99,"column":1}},"locations":[{"start":{"line":86,"column":0},"end":{"line":99,"column":1}}]},"15":{"type":"branch","line":92,"loc":{"start":{"line":92,"column":17},"end":{"line":95,"column":5}},"locations":[{"start":{"line":92,"column":17},"end":{"line":95,"column":5}}]}},"b":{"0":[5],"1":[1],"2":[4],"3":[3],"4":[3],"5":[1],"6":[2],"7":[1],"8":[3],"9":[0],"10":[1],"11":[1],"12":[1],"13":[0],"14":[1],"15":[0]},"fnMap":{"0":{"name":"extractErrorMessage","decl":{"start":{"line":3,"column":0},"end":{"line":19,"column":1}},"loc":{"start":{"line":3,"column":0},"end":{"line":19,"column":1}},"line":3},"1":{"name":"fetchAdminUsers","decl":{"start":{"line":21,"column":0},"end":{"line":33,"column":1}},"loc":{"start":{"line":21,"column":0},"end":{"line":33,"column":1}},"line":21},"2":{"name":"updateUserRole","decl":{"start":{"line":35,"column":0},"end":{"line":51,"column":1}},"loc":{"start":{"line":35,"column":0},"end":{"line":51,"column":1}},"line":35},"3":{"name":"promoteUserToTrainer","decl":{"start":{"line":53,"column":0},"end":{"line":55,"column":1}},"loc":{"start":{"line":53,"column":0},"end":{"line":55,"column":1}},"line":53},"4":{"name":"demoteUserToAthlete","decl":{"start":{"line":57,"column":0},"end":{"line":59,"column":1}},"loc":{"start":{"line":57,"column":0},"end":{"line":59,"column":1}},"line":57},"5":{"name":"createAdminUser","decl":{"start":{"line":68,"column":0},"end":{"line":84,"column":1}},"loc":{"start":{"line":68,"column":0},"end":{"line":84,"column":1}},"line":68},"6":{"name":"fetchPendingUserCount","decl":{"start":{"line":86,"column":0},"end":{"line":99,"column":1}},"loc":{"start":{"line":86,"column":0},"end":{"line":99,"column":1}},"line":86}},"f":{"0":5,"1":2,"2":3,"3":1,"4":1,"5":1,"6":1}}
,"/Users/nickclouse/projects/GamePlan/frontend/src/api/Blocks.ts": {"path":"/Users/nickclouse/projects/GamePlan/frontend/src/api/Blocks.ts","all":false,"statementMap":{"0":{"start":{"line":1,"column":0},"end":{"line":1,"column":47}},"13":{"start":{"line":14,"column":0},"end":{"line":14,"column":69}},"15":{"start":{"line":16,"column":0},"end":{"line":16,"column":40}},"16":{"start":{"line":17,"column":0},"end":{"line":17,"column":15}},"17":{"start":{"line":18,"column":0},"end":{"line":18,"column":32}},"18":{"start":{"line":19,"column":0},"end":{"line":19,"column":5}},"19":{"start":{"line":20,"column":0},"end":{"line":20,"column":13}},"20":{"start":{"line":21,"column":0},"end":{"line":21,"column":28}},"21":{"start":{"line":22,"column":0},"end":{"line":22,"column":5}},"23":{"start":{"line":24,"column":0},"end":{"line":24,"column":85}},"24":{"start":{"line":25,"column":0},"end":{"line":25,"column":34}},"25":{"start":{"line":26,"column":0},"end":{"line":26,"column":22}},"26":{"start":{"line":27,"column":0},"end":{"line":27,"column":31}},"27":{"start":{"line":28,"column":0},"end":{"line":28,"column":7}},"29":{"start":{"line":30,"column":0},"end":{"line":30,"column":18}},"30":{"start":{"line":31,"column":0},"end":{"line":31,"column":90}},"31":{"start":{"line":32,"column":0},"end":{"line":32,"column":33}},"32":{"start":{"line":33,"column":0},"end":{"line":33,"column":5}},"34":{"start":{"line":35,"column":0},"end":{"line":35,"column":59}},"35":{"start":{"line":36,"column":0},"end":{"line":36,"column":1}},"37":{"start":{"line":38,"column":0},"end":{"line":38,"column":80}},"39":{"start":{"line":40,"column":0},"end":{"line":40,"column":44}},"40":{"start":{"line":41,"column":0},"end":{"line":41,"column":23}},"41":{"start":{"line":42,"column":0},"end":{"line":42,"column":31}},"42":{"start":{"line":43,"column":0},"end":{"line":43,"column":18}},"43":{"start":{"line":44,"column":0},"end":{"line":44,"column":47}},"44":{"start":{"line":45,"column":0},"end":{"line":45,"column":10}},"45":{"start":{"line":46,"column":0},"end":{"line":46,"column":38}},"46":{"start":{"line":47,"column":0},"end":{"line":47,"column":7}},"48":{"start":{"line":49,"column":0},"end":{"line":49,"column":18}},"49":{"start":{"line":50,"column":0},"end":{"line":50,"column":90}},"50":{"start":{"line":51,"column":0},"end":{"line":51,"column":33}},"51":{"start":{"line":52,"column":0},"end":{"line":52,"column":5}},"53":{"start":{"line":54,"column":0},"end":{"line":54,"column":57}},"54":{"start":{"line":55,"column":0},"end":{"line":55,"column":1}},"56":{"start":{"line":57,"column":0},"end":{"line":57,"column":92}},"57":{"start":{"line":58,"column":0},"end":{"line":58,"column":50}},"58":{"start":{"line":59,"column":0},"end":{"line":59,"column":22}},"59":{"start":{"line":60,"column":0},"end":{"line":60,"column":31}},"60":{"start":{"line":61,"column":0},"end":{"line":61,"column":18}},"61":{"start":{"line":62,"column":0},"end":{"line":62,"column":47}},"62":{"start":{"line":63,"column":0},"end":{"line":63,"column":10}},"63":{"start":{"line":64,"column":0},"end":{"line":64,"column":38}},"64":{"start":{"line":65,"column":0},"end":{"line":65,"column":7}},"66":{"start":{"line":67,"column":0},"end":{"line":67,"column":18}},"67":{"start":{"line":68,"column":0},"end":{"line":68,"column":90}},"68":{"start":{"line":69,"column":0},"end":{"line":69,"column":33}},"69":{"start":{"line":70,"column":0},"end":{"line":70,"column":5}},"71":{"start":{"line":72,"column":0},"end":{"line":72,"column":57}},"72":{"start":{"line":73,"column":0},"end":{"line":73,"column":1}},"74":{"start":{"line":75,"column":0},"end":{"line":75,"column":55}},"76":{"start":{"line":77,"column":0},"end":{"line":77,"column":50}},"77":{"start":{"line":78,"column":0},"end":{"line":78,"column":25}},"78":{"start":{"line":79,"column":0},"end":{"line":79,"column":31}},"79":{"start":{"line":80,"column":0},"end":{"line":80,"column":7}},"81":{"start":{"line":82,"column":0},"end":{"line":82,"column":18}},"82":{"start":{"line":83,"column":0},"end":{"line":83,"column":90}},"83":{"start":{"line":84,"column":0},"end":{"line":84,"column":33}},"84":{"start":{"line":85,"column":0},"end":{"line":85,"column":5}},"85":{"start":{"line":86,"column":0},"end":{"line":86,"column":1}}},"s":{"0":1,"13":1,"15":1,"16":1,"17":0,"18":0,"19":1,"20":0,"21":0,"23":1,"24":1,"25":1,"26":1,"27":1,"29":1,"30":0,"31":0,"32":0,"34":1,"35":1,"37":1,"39":1,"40":1,"41":1,"42":1,"43":1,"44":1,"45":1,"46":1,"48":1,"49":0,"50":0,"51":0,"53":1,"54":1,"56":0,"57":0,"58":0,"59":0,"60":0,"61":0,"62":0,"63":0,"64":0,"66":0,"67":0,"68":0,"69":0,"71":0,"72":0,"74":1,"76":1,"77":1,"78":1,"79":1,"81":1,"82":0,"83":0,"84":0,"85":1},"branchMap":{"0":{"type":"branch","line":14,"loc":{"start":{"line":14,"column":0},"end":{"line":36,"column":1}},"locations":[{"start":{"line":14,"column":0},"end":{"line":36,"column":1}}]},"1":{"type":"branch","line":17,"loc":{"start":{"line":17,"column":14},"end":{"line":19,"column":5}},"locations":[{"start":{"line":17,"column":14},"end":{"line":19,"column":5}}]},"2":{"type":"branch","line":20,"loc":{"start":{"line":20,"column":12},"end":{"line":22,"column":5}},"locations":[{"start":{"line":20,"column":12},"end":{"line":22,"column":5}}]},"3":{"type":"branch","line":24,"loc":{"start":{"line":24,"column":31},"end":{"line":24,"column":71}},"locations":[{"start":{"line":24,"column":31},"end":{"line":24,"column":71}}]},"4":{"type":"branch","line":30,"loc":{"start":{"line":30,"column":17},"end":{"line":33,"column":5}},"locations":[{"start":{"line":30,"column":17},"end":{"line":33,"column":5}}]},"5":{"type":"branch","line":38,"loc":{"start":{"line":38,"column":0},"end":{"line":55,"column":1}},"locations":[{"start":{"line":38,"column":0},"end":{"line":55,"column":1}}]},"6":{"type":"branch","line":49,"loc":{"start":{"line":49,"column":17},"end":{"line":52,"column":5}},"locations":[{"start":{"line":49,"column":17},"end":{"line":52,"column":5}}]},"7":{"type":"branch","line":75,"loc":{"start":{"line":75,"column":0},"end":{"line":86,"column":1}},"locations":[{"start":{"line":75,"column":0},"end":{"line":86,"column":1}}]},"8":{"type":"branch","line":82,"loc":{"start":{"line":82,"column":17},"end":{"line":85,"column":5}},"locations":[{"start":{"line":82,"column":17},"end":{"line":85,"column":5}}]}},"b":{"0":[1],"1":[0],"2":[0],"3":[0],"4":[0],"5":[1],"6":[0],"7":[1],"8":[0]},"fnMap":{"0":{"name":"getScheduleBlocks","decl":{"start":{"line":14,"column":0},"end":{"line":36,"column":1}},"loc":{"start":{"line":14,"column":0},"end":{"line":36,"column":1}},"line":14},"1":{"name":"createScheduleBlock","decl":{"start":{"line":38,"column":0},"end":{"line":55,"column":1}},"loc":{"start":{"line":38,"column":0},"end":{"line":55,"column":1}},"line":38},"2":{"name":"updateScheduleBlock","decl":{"start":{"line":57,"column":0},"end":{"line":73,"column":1}},"loc":{"start":{"line":57,"column":0},"end":{"line":73,"column":1}},"line":57},"3":{"name":"deleteScheduleBlock","decl":{"start":{"line":75,"column":0},"end":{"line":86,"column":1}},"loc":{"start":{"line":75,"column":0},"end":{"line":86,"column":1}},"line":75}},"f":{"0":1,"1":1,"2":0,"3":1}}
,"/Users/nickclouse/projects/GamePlan/frontend/src/api/Equipment.ts": {"path":"/Users/nickclouse/projects/GamePlan/frontend/src/api/Equipment.ts","all":false,"statementMap":{"55":{"start":{"line":56,"column":0},"end":{"line":56,"column":43}},"56":{"start":{"line":57,"column":0},"end":{"line":57,"column":53}},"57":{"start":{"line":58,"column":0},"end":{"line":58,"column":22}},"58":{"start":{"line":59,"column":0},"end":{"line":59,"column":31}},"59":{"start":{"line":60,"column":0},"end":{"line":60,"column":7}},"61":{"start":{"line":62,"column":0},"end":{"line":62,"column":18}},"62":{"start":{"line":63,"column":0},"end":{"line":63,"column":59}},"63":{"start":{"line":64,"column":0},"end":{"line":64,"column":5}},"65":{"start":{"line":66,"column":0},"end":{"line":66,"column":56}},"66":{"start":{"line":67,"column":0},"end":{"line":67,"column":1}},"68":{"start":{"line":69,"column":0},"end":{"line":69,"column":80}},"69":{"start":{"line":70,"column":0},"end":{"line":70,"column":53}},"70":{"start":{"line":71,"column":0},"end":{"line":71,"column":23}},"71":{"start":{"line":72,"column":0},"end":{"line":72,"column":31}},"72":{"start":{"line":73,"column":0},"end":{"line":73,"column":18}},"73":{"start":{"line":74,"column":0},"end":{"line":74,"column":47}},"74":{"start":{"line":75,"column":0},"end":{"line":75,"column":10}},"75":{"start":{"line":76,"column":0},"end":{"line":76,"column":38}},"76":{"start":{"line":77,"column":0},"end":{"line":77,"column":7}},"78":{"start":{"line":79,"column":0},"end":{"line":79,"column":18}},"79":{"start":{"line":80,"column":0},"end":{"line":80,"column":59}},"80":{"start":{"line":81,"column":0},"end":{"line":81,"column":5}},"81":{"start":{"line":82,"column":0},"end":{"line":82,"column":1}},"83":{"start":{"line":84,"column":0},"end":{"line":84,"column":92}},"84":{"start":{"line":85,"column":0},"end":{"line":85,"column":59}},"85":{"start":{"line":86,"column":0},"end":{"line":86,"column":22}},"86":{"start":{"line":87,"column":0},"end":{"line":87,"column":31}},"87":{"start":{"line":88,"column":0},"end":{"line":88,"column":18}},"88":{"start":{"line":89,"column":0},"end":{"line":89,"column":47}},"89":{"start":{"line":90,"column":0},"end":{"line":90,"column":10}},"90":{"start":{"line":91,"column":0},"end":{"line":91,"column":38}},"91":{"start":{"line":92,"column":0},"end":{"line":92,"column":7}},"93":{"start":{"line":94,"column":0},"end":{"line":94,"column":18}},"94":{"start":{"line":95,"column":0},"end":{"line":95,"column":59}},"95":{"start":{"line":96,"column":0},"end":{"line":96,"column":5}},"97":{"start":{"line":98,"column":0},"end":{"line":98,"column":54}},"98":{"start":{"line":99,"column":0},"end":{"line":99,"column":1}},"100":{"start":{"line":101,"column":0},"end":{"line":101,"column":66}},"101":{"start":{"line":102,"column":0},"end":{"line":102,"column":78}},"102":{"start":{"line":103,"column":0},"end":{"line":103,"column":22}},"103":{"start":{"line":104,"column":0},"end":{"line":104,"column":31}},"104":{"start":{"line":105,"column":0},"end":{"line":105,"column":7}},"106":{"start":{"line":107,"column":0},"end":{"line":107,"column":18}},"107":{"start":{"line":108,"column":0},"end":{"line":108,"column":69}},"108":{"start":{"line":109,"column":0},"end":{"line":109,"column":5}},"110":{"start":{"line":111,"column":0},"end":{"line":111,"column":73}},"111":{"start":{"line":112,"column":0},"end":{"line":112,"column":1}},"113":{"start":{"line":114,"column":0},"end":{"line":114,"column":71}},"114":{"start":{"line":115,"column":0},"end":{"line":115,"column":74}},"115":{"start":{"line":116,"column":0},"end":{"line":116,"column":22}},"116":{"start":{"line":117,"column":0},"end":{"line":117,"column":31}},"117":{"start":{"line":118,"column":0},"end":{"line":118,"column":7}},"119":{"start":{"line":120,"column":0},"end":{"line":120,"column":18}},"120":{"start":{"line":121,"column":0},"end":{"line":121,"column":75}},"121":{"start":{"line":122,"column":0},"end":{"line":122,"column":5}},"123":{"start":{"line":124,"column":0},"end":{"line":124,"column":73}},"124":{"start":{"line":125,"column":0},"end":{"line":125,"column":1}},"126":{"start":{"line":127,"column":0},"end":{"line":127,"column":72}},"127":{"start":{"line":128,"column":0},"end":{"line":128,"column":47}},"128":{"start":{"line":129,"column":0},"end":{"line":129,"column":23}},"129":{"start":{"line":130,"column":0},"end":{"line":130,"column":31}},"130":{"start":{"line":131,"column":0},"end":{"line":131,"column":18}},"131":{"start":{"line":132,"column":0},"end":{"line":132,"column":47}},"132":{"start":{"line":133,"column":0},"end":{"line":133,"column":10}},"133":{"start":{"line":134,"column":0},"end":{"line":134,"column":38}},"134":{"start":{"line":135,"column":0},"end":{"line":135,"column":7}},"136":{"start":{"line":137,"column":0},"end":{"line":137,"column":18}},"137":{"start":{"line":138,"column":0},"end":{"line":138,"column":54}},"138":{"start":{"line":139,"column":0},"end":{"line":139,"column":5}},"139":{"start":{"line":140,"column":0},"end":{"line":140,"column":1}},"141":{"start":{"line":142,"column":0},"end":{"line":142,"column":48}},"142":{"start":{"line":143,"column":0},"end":{"line":143,"column":53}},"143":{"start":{"line":144,"column":0},"end":{"line":144,"column":22}},"144":{"start":{"line":145,"column":0},"end":{"line":145,"column":31}},"145":{"start":{"line":146,"column":0},"end":{"line":146,"column":7}},"147":{"start":{"line":148,"column":0},"end":{"line":148,"column":18}},"148":{"start":{"line":149,"column":0},"end":{"line":149,"column":52}},"149":{"start":{"line":150,"column":0},"end":{"line":150,"column":5}},"151":{"start":{"line":152,"column":0},"end":{"line":152,"column":53}},"152":{"start":{"line":153,"column":0},"end":{"line":153,"column":1}},"154":{"start":{"line":155,"column":0},"end":{"line":155,"column":84}},"155":{"start":{"line":156,"column":0},"end":{"line":156,"column":53}},"156":{"start":{"line":157,"column":0},"end":{"line":157,"column":22}},"157":{"start":{"line":158,"column":0},"end":{"line":158,"column":31}},"158":{"start":{"line":159,"column":0},"end":{"line":159,"column":18}},"159":{"start":{"line":160,"column":0},"end":{"line":160,"column":47}},"160":{"start":{"line":161,"column":0},"end":{"line":161,"column":10}},"161":{"start":{"line":162,"column":0},"end":{"line":162,"column":38}},"162":{"start":{"line":163,"column":0},"end":{"line":163,"column":7}},"164":{"start":{"line":165,"column":0},"end":{"line":165,"column":18}},"165":{"start":{"line":166,"column":0},"end":{"line":166,"column":54}},"166":{"start":{"line":167,"column":0},"end":{"line":167,"column":5}},"168":{"start":{"line":169,"column":0},"end":{"line":169,"column":53}},"169":{"start":{"line":170,"column":0},"end":{"line":170,"column":1}},"171":{"start":{"line":172,"column":0},"end":{"line":172,"column":51}},"172":{"start":{"line":173,"column":0},"end":{"line":173,"column":53}},"173":{"start":{"line":174,"column":0},"end":{"line":174,"column":25}},"174":{"start":{"line":175,"column":0},"end":{"line":175,"column":31}},"175":{"start":{"line":176,"column":0},"end":{"line":176,"column":7}},"177":{"start":{"line":178,"column":0},"end":{"line":178,"column":18}},"178":{"start":{"line":179,"column":0},"end":{"line":179,"column":54}},"179":{"start":{"line":180,"column":0},"end":{"line":180,"column":5}},"180":{"start":{"line":181,"column":0},"end":{"line":181,"column":1}},"182":{"start":{"line":183,"column":0},"end":{"line":183,"column":73}},"183":{"start":{"line":184,"column":0},"end":{"line":184,"column":60}},"184":{"start":{"line":185,"column":0},"end":{"line":185,"column":22}},"185":{"start":{"line":186,"column":0},"end":{"line":186,"column":31}},"186":{"start":{"line":187,"column":0},"end":{"line":187,"column":18}},"187":{"start":{"line":188,"column":0},"end":{"line":188,"column":47}},"188":{"start":{"line":189,"column":0},"end":{"line":189,"column":10}},"189":{"start":{"line":190,"column":0},"end":{"line":190,"column":41}},"190":{"start":{"line":191,"column":0},"end":{"line":191,"column":7}},"192":{"start":{"line":193,"column":0},"end":{"line":193,"column":18}},"193":{"start":{"line":194,"column":0},"end":{"line":194,"column":61}},"194":{"start":{"line":195,"column":0},"end":{"line":195,"column":5}},"196":{"start":{"line":197,"column":0},"end":{"line":197,"column":70}},"197":{"start":{"line":198,"column":0},"end":{"line":198,"column":1}}},"s":{"55":2,"56":2,"57":2,"58":2,"59":2,"61":2,"62":1,"63":1,"65":1,"66":1,"68":2,"69":2,"70":2,"71":2,"72":2,"73":2,"74":2,"75":2,"76":2,"78":2,"79":1,"80":1,"81":2,"83":2,"84":2,"85":2,"86":2,"87":2,"88":2,"89":2,"90":2,"91":2,"93":2,"94":1,"95":1,"97":1,"98":1,"100":2,"101":2,"102":2,"103":2,"104":2,"106":2,"107":1,"108":1,"110":1,"111":1,"113":2,"114":2,"115":2,"116":2,"117":2,"119":2,"120":1,"121":1,"123":1,"124":1,"126":2,"127":2,"128":2,"129":2,"130":2,"131":2,"132":2,"133":2,"134":2,"136":2,"137":1,"138":1,"139":2,"141":2,"142":2,"143":2,"144":2,"145":2,"147":2,"148":1,"149":1,"151":1,"152":1,"154":2,"155":2,"156":2,"157":2,"158":2,"159":2,"160":2,"161":2,"162":2,"164":2,"165":1,"166":1,"168":1,"169":1,"171":2,"172":2,"173":2,"174":2,"175":2,"177":2,"178":1,"179":1,"180":2,"182":2,"183":2,"184":2,"185":2,"186":2,"187":2,"188":2,"189":2,"190":2,"192":2,"193":1,"194":1,"196":1,"197":1},"branchMap":{"0":{"type":"branch","line":56,"loc":{"start":{"line":56,"column":0},"end":{"line":67,"column":1}},"locations":[{"start":{"line":56,"column":0},"end":{"line":67,"column":1}}]},"1":{"type":"branch","line":62,"loc":{"start":{"line":62,"column":17},"end":{"line":67,"column":1}},"locations":[{"start":{"line":62,"column":17},"end":{"line":67,"column":1}}]},"2":{"type":"branch","line":69,"loc":{"start":{"line":69,"column":0},"end":{"line":82,"column":1}},"locations":[{"start":{"line":69,"column":0},"end":{"line":82,"column":1}}]},"3":{"type":"branch","line":79,"loc":{"start":{"line":79,"column":17},"end":{"line":81,"column":5}},"locations":[{"start":{"line":79,"column":17},"end":{"line":81,"column":5}}]},"4":{"type":"branch","line":84,"loc":{"start":{"line":84,"column":0},"end":{"line":99,"column":1}},"locations":[{"start":{"line":84,"column":0},"end":{"line":99,"column":1}}]},"5":{"type":"branch","line":94,"loc":{"start":{"line":94,"column":17},"end":{"line":99,"column":1}},"locations":[{"start":{"line":94,"column":17},"end":{"line":99,"column":1}}]},"6":{"type":"branch","line":101,"loc":{"start":{"line":101,"column":0},"end":{"line":112,"column":1}},"locations":[{"start":{"line":101,"column":0},"end":{"line":112,"column":1}}]},"7":{"type":"branch","line":107,"loc":{"start":{"line":107,"column":17},"end":{"line":112,"column":1}},"locations":[{"start":{"line":107,"column":17},"end":{"line":112,"column":1}}]},"8":{"type":"branch","line":114,"loc":{"start":{"line":114,"column":0},"end":{"line":125,"column":1}},"locations":[{"start":{"line":114,"column":0},"end":{"line":125,"column":1}}]},"9":{"type":"branch","line":120,"loc":{"start":{"line":120,"column":17},"end":{"line":125,"column":1}},"locations":[{"start":{"line":120,"column":17},"end":{"line":125,"column":1}}]},"10":{"type":"branch","line":127,"loc":{"start":{"line":127,"column":0},"end":{"line":140,"column":1}},"locations":[{"start":{"line":127,"column":0},"end":{"line":140,"column":1}}]},"11":{"type":"branch","line":137,"loc":{"start":{"line":137,"column":17},"end":{"line":139,"column":5}},"locations":[{"start":{"line":137,"column":17},"end":{"line":139,"column":5}}]},"12":{"type":"branch","line":142,"loc":{"start":{"line":142,"column":0},"end":{"line":153,"column":1}},"locations":[{"start":{"line":142,"column":0},"end":{"line":153,"column":1}}]},"13":{"type":"branch","line":148,"loc":{"start":{"line":148,"column":17},"end":{"line":153,"column":1}},"locations":[{"start":{"line":148,"column":17},"end":{"line":153,"column":1}}]},"14":{"type":"branch","line":155,"loc":{"start":{"line":155,"column":0},"end":{"line":170,"column":1}},"locations":[{"start":{"line":155,"column":0},"end":{"line":170,"column":1}}]},"15":{"type":"branch","line":165,"loc":{"start":{"line":165,"column":17},"end":{"line":170,"column":1}},"locations":[{"start":{"line":165,"column":17},"end":{"line":170,"column":1}}]},"16":{"type":"branch","line":172,"loc":{"start":{"line":172,"column":0},"end":{"line":181,"column":1}},"locations":[{"start":{"line":172,"column":0},"end":{"line":181,"column":1}}]},"17":{"type":"branch","line":178,"loc":{"start":{"line":178,"column":17},"end":{"line":180,"column":5}},"locations":[{"start":{"line":178,"column":17},"end":{"line":180,"column":5}}]},"18":{"type":"branch","line":183,"loc":{"start":{"line":183,"column":0},"end":{"line":198,"column":1}},"locations":[{"start":{"line":183,"column":0},"end":{"line":198,"column":1}}]},"19":{"type":"branch","line":193,"loc":{"start":{"line":193,"column":17},"end":{"line":198,"column":1}},"locations":[{"start":{"line":193,"column":17},"end":{"line":198,"column":1}}]}},"b":{"0":[2],"1":[1],"2":[2],"3":[1],"4":[2],"5":[1],"6":[2],"7":[1],"8":[2],"9":[1],"10":[2],"11":[1],"12":[2],"13":[1],"14":[2],"15":[1],"16":[2],"17":[1],"18":[2],"19":[1]},"fnMap":{"0":{"name":"getEquipmentTypes","decl":{"start":{"line":56,"column":0},"end":{"line":67,"column":1}},"loc":{"start":{"line":56,"column":0},"end":{"line":67,"column":1}},"line":56},"1":{"name":"createEquipmentType","decl":{"start":{"line":69,"column":0},"end":{"line":82,"column":1}},"loc":{"start":{"line":69,"column":0},"end":{"line":82,"column":1}},"line":69},"2":{"name":"updateEquipmentType","decl":{"start":{"line":84,"column":0},"end":{"line":99,"column":1}},"loc":{"start":{"line":84,"column":0},"end":{"line":99,"column":1}},"line":84},"3":{"name":"getEquipmentTypeAttributes","decl":{"start":{"line":101,"column":0},"end":{"line":112,"column":1}},"loc":{"start":{"line":101,"column":0},"end":{"line":112,"column":1}},"line":101},"4":{"name":"getEquipmentTypeAttributeValues","decl":{"start":{"line":114,"column":0},"end":{"line":125,"column":1}},"loc":{"start":{"line":114,"column":0},"end":{"line":125,"column":1}},"line":114},"5":{"name":"createEquipment","decl":{"start":{"line":127,"column":0},"end":{"line":140,"column":1}},"loc":{"start":{"line":127,"column":0},"end":{"line":140,"column":1}},"line":127},"6":{"name":"getEquipment","decl":{"start":{"line":142,"column":0},"end":{"line":153,"column":1}},"loc":{"start":{"line":142,"column":0},"end":{"line":153,"column":1}},"line":142},"7":{"name":"updateEquipment","decl":{"start":{"line":155,"column":0},"end":{"line":170,"column":1}},"loc":{"start":{"line":155,"column":0},"end":{"line":170,"column":1}},"line":155},"8":{"name":"deleteEquipment","decl":{"start":{"line":172,"column":0},"end":{"line":181,"column":1}},"loc":{"start":{"line":172,"column":0},"end":{"line":181,"column":1}},"line":172},"9":{"name":"updateEquipmentStatus","decl":{"start":{"line":183,"column":0},"end":{"line":198,"column":1}},"loc":{"start":{"line":183,"column":0},"end":{"line":198,"column":1}},"line":183}},"f":{"0":2,"1":2,"2":2,"3":2,"4":2,"5":2,"6":2,"7":2,"8":2,"9":2}}
,"/Users/nickclouse/projects/GamePlan/frontend/src/api/Notifications.ts": {"path":"/Users/nickclouse/projects/GamePlan/frontend/src/api/Notifications.ts","all":false,"statementMap":{"2":{"start":{"line":3,"column":0},"end":{"line":3,"column":67}},"3":{"start":{"line":4,"column":0},"end":{"line":4,"column":56}},"4":{"start":{"line":5,"column":0},"end":{"line":5,"column":22}},"5":{"start":{"line":6,"column":0},"end":{"line":6,"column":31}},"6":{"start":{"line":7,"column":0},"end":{"line":7,"column":7}},"8":{"start":{"line":9,"column":0},"end":{"line":9,"column":23}},"9":{"start":{"line":10,"column":0},"end":{"line":10,"column":57}},"10":{"start":{"line":11,"column":0},"end":{"line":11,"column":5}},"12":{"start":{"line":13,"column":0},"end":{"line":13,"column":27}},"13":{"start":{"line":14,"column":0},"end":{"line":14,"column":1}},"15":{"start":{"line":16,"column":0},"end":{"line":16,"column":69}},"16":{"start":{"line":17,"column":0},"end":{"line":17,"column":69}},"17":{"start":{"line":18,"column":0},"end":{"line":18,"column":22}},"18":{"start":{"line":19,"column":0},"end":{"line":19,"column":31}},"19":{"start":{"line":20,"column":0},"end":{"line":20,"column":7}},"21":{"start":{"line":22,"column":0},"end":{"line":22,"column":23}},"22":{"start":{"line":23,"column":0},"end":{"line":23,"column":69}},"23":{"start":{"line":24,"column":0},"end":{"line":24,"column":5}},"25":{"start":{"line":26,"column":0},"end":{"line":26,"column":69}},"26":{"start":{"line":27,"column":0},"end":{"line":27,"column":31}},"27":{"start":{"line":28,"column":0},"end":{"line":28,"column":1}},"29":{"start":{"line":30,"column":0},"end":{"line":30,"column":73}},"30":{"start":{"line":31,"column":0},"end":{"line":31,"column":67}},"31":{"start":{"line":32,"column":0},"end":{"line":32,"column":24}},"32":{"start":{"line":33,"column":0},"end":{"line":33,"column":31}},"33":{"start":{"line":34,"column":0},"end":{"line":34,"column":7}},"35":{"start":{"line":36,"column":0},"end":{"line":36,"column":23}},"36":{"start":{"line":37,"column":0},"end":{"line":37,"column":63}},"37":{"start":{"line":38,"column":0},"end":{"line":38,"column":5}},"38":{"start":{"line":39,"column":0},"end":{"line":39,"column":1}}},"s":{"2":2,"3":2,"4":2,"5":2,"6":2,"8":2,"9":1,"10":1,"12":1,"13":1,"15":2,"16":2,"17":2,"18":2,"19":2,"21":2,"22":1,"23":1,"25":1,"26":1,"27":1,"29":2,"30":2,"31":2,"32":2,"33":2,"35":2,"36":1,"37":1,"38":2},"branchMap":{"0":{"type":"branch","line":3,"loc":{"start":{"line":3,"column":0},"end":{"line":14,"column":1}},"locations":[{"start":{"line":3,"column":0},"end":{"line":14,"column":1}}]},"1":{"type":"branch","line":9,"loc":{"start":{"line":9,"column":22},"end":{"line":14,"column":1}},"locations":[{"start":{"line":9,"column":22},"end":{"line":14,"column":1}}]},"2":{"type":"branch","line":16,"loc":{"start":{"line":16,"column":0},"end":{"line":28,"column":1}},"locations":[{"start":{"line":16,"column":0},"end":{"line":28,"column":1}}]},"3":{"type":"branch","line":22,"loc":{"start":{"line":22,"column":22},"end":{"line":28,"column":1}},"locations":[{"start":{"line":22,"column":22},"end":{"line":28,"column":1}}]},"4":{"type":"branch","line":30,"loc":{"start":{"line":30,"column":0},"end":{"line":39,"column":1}},"locations":[{"start":{"line":30,"column":0},"end":{"line":39,"column":1}}]},"5":{"type":"branch","line":36,"loc":{"start":{"line":36,"column":22},"end":{"line":38,"column":5}},"locations":[{"start":{"line":36,"column":22},"end":{"line":38,"column":5}}]}},"b":{"0":[2],"1":[1],"2":[2],"3":[1],"4":[2],"5":[1]},"fnMap":{"0":{"name":"getNotifications","decl":{"start":{"line":3,"column":0},"end":{"line":14,"column":1}},"loc":{"start":{"line":3,"column":0},"end":{"line":14,"column":1}},"line":3},"1":{"name":"getUnreadNotificationCount","decl":{"start":{"line":16,"column":0},"end":{"line":28,"column":1}},"loc":{"start":{"line":16,"column":0},"end":{"line":28,"column":1}},"line":16},"2":{"name":"markNotificationAsRead","decl":{"start":{"line":30,"column":0},"end":{"line":39,"column":1}},"loc":{"start":{"line":30,"column":0},"end":{"line":39,"column":1}},"line":30}},"f":{"0":2,"1":2,"2":2}}
,"/Users/nickclouse/projects/GamePlan/frontend/src/api/Reservations.ts": {"path":"/Users/nickclouse/projects/GamePlan/frontend/src/api/Reservations.ts","all":false,"statementMap":{"2":{"start":{"line":3,"column":0},"end":{"line":3,"column":74}},"3":{"start":{"line":4,"column":0},"end":{"line":4,"column":39}},"4":{"start":{"line":5,"column":0},"end":{"line":5,"column":16}},"5":{"start":{"line":6,"column":0},"end":{"line":6,"column":24}},"6":{"start":{"line":7,"column":0},"end":{"line":7,"column":5}},"8":{"start":{"line":9,"column":0},"end":{"line":9,"column":9}},"9":{"start":{"line":10,"column":0},"end":{"line":10,"column":38}},"10":{"start":{"line":11,"column":0},"end":{"line":11,"column":28}},"11":{"start":{"line":12,"column":0},"end":{"line":12,"column":32}},"12":{"start":{"line":13,"column":0},"end":{"line":13,"column":9}},"13":{"start":{"line":14,"column":0},"end":{"line":14,"column":13}},"15":{"start":{"line":16,"column":0},"end":{"line":16,"column":5}},"17":{"start":{"line":18,"column":0},"end":{"line":18,"column":23}},"18":{"start":{"line":19,"column":0},"end":{"line":19,"column":1}},"21":{"start":{"line":22,"column":0},"end":{"line":22,"column":41}},"22":{"start":{"line":23,"column":0},"end":{"line":23,"column":50}},"23":{"start":{"line":24,"column":0},"end":{"line":24,"column":22}},"24":{"start":{"line":25,"column":0},"end":{"line":25,"column":31}},"25":{"start":{"line":26,"column":0},"end":{"line":26,"column":7}},"27":{"start":{"line":28,"column":0},"end":{"line":28,"column":18}},"28":{"start":{"line":29,"column":0},"end":{"line":29,"column":56}},"29":{"start":{"line":30,"column":0},"end":{"line":30,"column":5}},"31":{"start":{"line":32,"column":0},"end":{"line":32,"column":22}},"32":{"start":{"line":33,"column":0},"end":{"line":33,"column":1}},"34":{"start":{"line":35,"column":0},"end":{"line":35,"column":55}},"35":{"start":{"line":36,"column":0},"end":{"line":36,"column":56}},"36":{"start":{"line":37,"column":0},"end":{"line":37,"column":22}},"37":{"start":{"line":38,"column":0},"end":{"line":38,"column":31}},"38":{"start":{"line":39,"column":0},"end":{"line":39,"column":7}},"40":{"start":{"line":41,"column":0},"end":{"line":41,"column":18}},"41":{"start":{"line":42,"column":0},"end":{"line":42,"column":62}},"42":{"start":{"line":43,"column":0},"end":{"line":43,"column":5}},"44":{"start":{"line":45,"column":0},"end":{"line":45,"column":56}},"45":{"start":{"line":46,"column":0},"end":{"line":46,"column":1}},"47":{"start":{"line":48,"column":0},"end":{"line":48,"column":53}},"48":{"start":{"line":49,"column":0},"end":{"line":49,"column":56}},"49":{"start":{"line":50,"column":0},"end":{"line":50,"column":25}},"50":{"start":{"line":51,"column":0},"end":{"line":51,"column":31}},"51":{"start":{"line":52,"column":0},"end":{"line":52,"column":7}},"53":{"start":{"line":54,"column":0},"end":{"line":54,"column":18}},"54":{"start":{"line":55,"column":0},"end":{"line":55,"column":56}},"55":{"start":{"line":56,"column":0},"end":{"line":56,"column":5}},"56":{"start":{"line":57,"column":0},"end":{"line":57,"column":1}},"63":{"start":{"line":64,"column":0},"end":{"line":64,"column":88}},"64":{"start":{"line":65,"column":0},"end":{"line":65,"column":56}},"65":{"start":{"line":66,"column":0},"end":{"line":66,"column":22}},"66":{"start":{"line":67,"column":0},"end":{"line":67,"column":31}},"67":{"start":{"line":68,"column":0},"end":{"line":68,"column":18}},"68":{"start":{"line":69,"column":0},"end":{"line":69,"column":47}},"69":{"start":{"line":70,"column":0},"end":{"line":70,"column":10}},"70":{"start":{"line":71,"column":0},"end":{"line":71,"column":38}},"71":{"start":{"line":72,"column":0},"end":{"line":72,"column":7}},"73":{"start":{"line":74,"column":0},"end":{"line":74,"column":18}},"74":{"start":{"line":75,"column":0},"end":{"line":75,"column":87}},"75":{"start":{"line":76,"column":0},"end":{"line":76,"column":33}},"76":{"start":{"line":77,"column":0},"end":{"line":77,"column":5}},"77":{"start":{"line":78,"column":0},"end":{"line":78,"column":1}},"79":{"start":{"line":80,"column":0},"end":{"line":80,"column":60}},"80":{"start":{"line":81,"column":0},"end":{"line":81,"column":56}},"81":{"start":{"line":82,"column":0},"end":{"line":82,"column":22}},"82":{"start":{"line":83,"column":0},"end":{"line":83,"column":31}},"83":{"start":{"line":84,"column":0},"end":{"line":84,"column":7}},"85":{"start":{"line":86,"column":0},"end":{"line":86,"column":18}},"86":{"start":{"line":87,"column":0},"end":{"line":87,"column":66}},"87":{"start":{"line":88,"column":0},"end":{"line":88,"column":5}},"89":{"start":{"line":90,"column":0},"end":{"line":90,"column":51}},"90":{"start":{"line":91,"column":0},"end":{"line":91,"column":1}},"98":{"start":{"line":99,"column":0},"end":{"line":99,"column":72}},"99":{"start":{"line":100,"column":0},"end":{"line":100,"column":50}},"100":{"start":{"line":101,"column":0},"end":{"line":101,"column":23}},"101":{"start":{"line":102,"column":0},"end":{"line":102,"column":31}},"102":{"start":{"line":103,"column":0},"end":{"line":103,"column":18}},"103":{"start":{"line":104,"column":0},"end":{"line":104,"column":47}},"104":{"start":{"line":105,"column":0},"end":{"line":105,"column":10}},"105":{"start":{"line":106,"column":0},"end":{"line":106,"column":38}},"106":{"start":{"line":107,"column":0},"end":{"line":107,"column":7}},"108":{"start":{"line":109,"column":0},"end":{"line":109,"column":18}},"109":{"start":{"line":110,"column":0},"end":{"line":110,"column":87}},"110":{"start":{"line":111,"column":0},"end":{"line":111,"column":33}},"111":{"start":{"line":112,"column":0},"end":{"line":112,"column":5}},"113":{"start":{"line":114,"column":0},"end":{"line":114,"column":22}},"114":{"start":{"line":115,"column":0},"end":{"line":115,"column":1}}},"s":{"2":2,"3":2,"4":2,"5":2,"6":2,"8":0,"9":0,"10":2,"11":0,"12":0,"13":2,"15":0,"17":0,"18":0,"21":2,"22":2,"23":2,"24":2,"25":2,"27":2,"28":1,"29":1,"31":1,"32":1,"34":0,"35":0,"36":0,"37":0,"38":0,"40":0,"41":0,"42":0,"44":0,"45":0,"47":2,"48":2,"49":2,"50":2,"51":2,"53":2,"54":1,"55":1,"56":2,"63":2,"64":2,"65":2,"66":2,"67":2,"68":2,"69":2,"70":2,"71":2,"73":2,"74":1,"75":1,"76":1,"77":2,"79":2,"80":2,"81":2,"82":2,"83":2,"85":2,"86":1,"87":1,"89":1,"90":1,"98":2,"99":2,"100":2,"101":2,"102":2,"103":2,"104":2,"105":2,"106":2,"108":2,"109":1,"110":1,"111":1,"113":1,"114":1},"branchMap":{"0":{"type":"branch","line":3,"loc":{"start":{"line":3,"column":0},"end":{"line":19,"column":1}},"locations":[{"start":{"line":3,"column":0},"end":{"line":19,"column":1}}]},"1":{"type":"branch","line":7,"loc":{"start":{"line":7,"column":4},"end":{"line":11,"column":27}},"locations":[{"start":{"line":7,"column":4},"end":{"line":11,"column":27}}]},"2":{"type":"branch","line":11,"loc":{"start":{"line":11,"column":27},"end":{"line":13,"column":9}},"locations":[{"start":{"line":11,"column":27},"end":{"line":13,"column":9}}]},"3":{"type":"branch","line":14,"loc":{"start":{"line":14,"column":4},"end":{"line":19,"column":1}},"locations":[{"start":{"line":14,"column":4},"end":{"line":19,"column":1}}]},"4":{"type":"branch","line":22,"loc":{"start":{"line":22,"column":0},"end":{"line":33,"column":1}},"locations":[{"start":{"line":22,"column":0},"end":{"line":33,"column":1}}]},"5":{"type":"branch","line":28,"loc":{"start":{"line":28,"column":17},"end":{"line":33,"column":1}},"locations":[{"start":{"line":28,"column":17},"end":{"line":33,"column":1}}]},"6":{"type":"branch","line":48,"loc":{"start":{"line":48,"column":0},"end":{"line":57,"column":1}},"locations":[{"start":{"line":48,"column":0},"end":{"line":57,"column":1}}]},"7":{"type":"branch","line":54,"loc":{"start":{"line":54,"column":17},"end":{"line":56,"column":5}},"locations":[{"start":{"line":54,"column":17},"end":{"line":56,"column":5}}]},"8":{"type":"branch","line":64,"loc":{"start":{"line":64,"column":0},"end":{"line":78,"column":1}},"locations":[{"start":{"line":64,"column":0},"end":{"line":78,"column":1}}]},"9":{"type":"branch","line":74,"loc":{"start":{"line":74,"column":17},"end":{"line":77,"column":5}},"locations":[{"start":{"line":74,"column":17},"end":{"line":77,"column":5}}]},"10":{"type":"branch","line":80,"loc":{"start":{"line":80,"column":0},"end":{"line":91,"column":1}},"locations":[{"start":{"line":80,"column":0},"end":{"line":91,"column":1}}]},"11":{"type":"branch","line":86,"loc":{"start":{"line":86,"column":17},"end":{"line":91,"column":1}},"locations":[{"start":{"line":86,"column":17},"end":{"line":91,"column":1}}]},"12":{"type":"branch","line":99,"loc":{"start":{"line":99,"column":0},"end":{"line":115,"column":1}},"locations":[{"start":{"line":99,"column":0},"end":{"line":115,"column":1}}]},"13":{"type":"branch","line":109,"loc":{"start":{"line":109,"column":17},"end":{"line":115,"column":1}},"locations":[{"start":{"line":109,"column":17},"end":{"line":115,"column":1}}]}},"b":{"0":[2],"1":[0],"2":[0],"3":[0],"4":[2],"5":[1],"6":[2],"7":[1],"8":[2],"9":[1],"10":[2],"11":[1],"12":[2],"13":[1]},"fnMap":{"0":{"name":"extractErrorMessage","decl":{"start":{"line":3,"column":0},"end":{"line":19,"column":1}},"loc":{"start":{"line":3,"column":0},"end":{"line":19,"column":1}},"line":3},"1":{"name":"getReservations","decl":{"start":{"line":22,"column":0},"end":{"line":33,"column":1}},"loc":{"start":{"line":22,"column":0},"end":{"line":33,"column":1}},"line":22},"2":{"name":"getActiveReservationsForAdmin","decl":{"start":{"line":35,"column":0},"end":{"line":46,"column":1}},"loc":{"start":{"line":35,"column":0},"end":{"line":46,"column":1}},"line":35},"3":{"name":"deleteReservation","decl":{"start":{"line":48,"column":0},"end":{"line":57,"column":1}},"loc":{"start":{"line":48,"column":0},"end":{"line":57,"column":1}},"line":48},"4":{"name":"updateReservation","decl":{"start":{"line":64,"column":0},"end":{"line":78,"column":1}},"loc":{"start":{"line":64,"column":0},"end":{"line":78,"column":1}},"line":64},"5":{"name":"getEquipmentReservations","decl":{"start":{"line":80,"column":0},"end":{"line":91,"column":1}},"loc":{"start":{"line":80,"column":0},"end":{"line":91,"column":1}},"line":80},"6":{"name":"makeReservation","decl":{"start":{"line":99,"column":0},"end":{"line":115,"column":1}},"loc":{"start":{"line":99,"column":0},"end":{"line":115,"column":1}},"line":99}},"f":{"0":2,"1":2,"2":0,"3":2,"4":2,"5":2,"6":2}}
,"/Users/nickclouse/projects/GamePlan/frontend/src/api/Settings.ts": {"path":"/Users/nickclouse/projects/GamePlan/frontend/src/api/Settings.ts","all":false,"statementMap":{"0":{"start":{"line":1,"column":0},"end":{"line":1,"column":47}},"2":{"start":{"line":3,"column":0},"end":{"line":3,"column":77}},"3":{"start":{"line":4,"column":0},"end":{"line":4,"column":26}},"41":{"start":{"line":42,"column":0},"end":{"line":42,"column":99}},"42":{"start":{"line":43,"column":0},"end":{"line":43,"column":56}},"44":{"start":{"line":45,"column":0},"end":{"line":45,"column":52}},"45":{"start":{"line":46,"column":0},"end":{"line":46,"column":22}},"46":{"start":{"line":47,"column":0},"end":{"line":47,"column":31}},"47":{"start":{"line":48,"column":0},"end":{"line":48,"column":18}},"48":{"start":{"line":49,"column":0},"end":{"line":49,"column":47}},"49":{"start":{"line":50,"column":0},"end":{"line":50,"column":10}},"50":{"start":{"line":51,"column":0},"end":{"line":51,"column":38}},"51":{"start":{"line":52,"column":0},"end":{"line":52,"column":7}},"53":{"start":{"line":54,"column":0},"end":{"line":54,"column":18}},"54":{"start":{"line":55,"column":0},"end":{"line":55,"column":89}},"55":{"start":{"line":56,"column":0},"end":{"line":56,"column":33}},"56":{"start":{"line":57,"column":0},"end":{"line":57,"column":5}},"58":{"start":{"line":59,"column":0},"end":{"line":59,"column":77}},"59":{"start":{"line":60,"column":0},"end":{"line":60,"column":1}},"61":{"start":{"line":62,"column":0},"end":{"line":62,"column":89}},"62":{"start":{"line":63,"column":0},"end":{"line":63,"column":65}},"63":{"start":{"line":64,"column":0},"end":{"line":64,"column":61}},"64":{"start":{"line":65,"column":0},"end":{"line":65,"column":73}},"65":{"start":{"line":66,"column":0},"end":{"line":66,"column":56}},"66":{"start":{"line":67,"column":0},"end":{"line":67,"column":52}},"68":{"start":{"line":69,"column":0},"end":{"line":69,"column":8}},"69":{"start":{"line":70,"column":0},"end":{"line":70,"column":33}},"70":{"start":{"line":71,"column":0},"end":{"line":71,"column":28}},"71":{"start":{"line":72,"column":0},"end":{"line":72,"column":38}},"72":{"start":{"line":73,"column":0},"end":{"line":73,"column":21}},"73":{"start":{"line":74,"column":0},"end":{"line":74,"column":16}},"74":{"start":{"line":75,"column":0},"end":{"line":75,"column":7}},"75":{"start":{"line":76,"column":0},"end":{"line":76,"column":56}},"76":{"start":{"line":77,"column":0},"end":{"line":77,"column":5}},"78":{"start":{"line":79,"column":0},"end":{"line":79,"column":78}},"79":{"start":{"line":80,"column":0},"end":{"line":80,"column":54}},"80":{"start":{"line":81,"column":0},"end":{"line":81,"column":58}},"81":{"start":{"line":82,"column":0},"end":{"line":82,"column":50}},"82":{"start":{"line":83,"column":0},"end":{"line":83,"column":54}},"84":{"start":{"line":85,"column":0},"end":{"line":85,"column":12}},"85":{"start":{"line":86,"column":0},"end":{"line":86,"column":17}},"86":{"start":{"line":87,"column":0},"end":{"line":87,"column":52}},"87":{"start":{"line":88,"column":0},"end":{"line":88,"column":46}},"88":{"start":{"line":89,"column":0},"end":{"line":89,"column":17}},"89":{"start":{"line":90,"column":0},"end":{"line":90,"column":27}},"90":{"start":{"line":91,"column":0},"end":{"line":91,"column":22}},"91":{"start":{"line":92,"column":0},"end":{"line":92,"column":65}},"92":{"start":{"line":93,"column":0},"end":{"line":93,"column":6}},"93":{"start":{"line":94,"column":0},"end":{"line":94,"column":1}},"95":{"start":{"line":96,"column":0},"end":{"line":96,"column":71}},"96":{"start":{"line":97,"column":0},"end":{"line":97,"column":52}},"97":{"start":{"line":98,"column":0},"end":{"line":98,"column":22}},"98":{"start":{"line":99,"column":0},"end":{"line":99,"column":31}},"99":{"start":{"line":100,"column":0},"end":{"line":100,"column":7}},"101":{"start":{"line":102,"column":0},"end":{"line":102,"column":18}},"102":{"start":{"line":103,"column":0},"end":{"line":103,"column":88}},"103":{"start":{"line":104,"column":0},"end":{"line":104,"column":33}},"104":{"start":{"line":105,"column":0},"end":{"line":105,"column":5}},"106":{"start":{"line":107,"column":0},"end":{"line":107,"column":77}},"107":{"start":{"line":108,"column":0},"end":{"line":108,"column":1}},"109":{"start":{"line":110,"column":0},"end":{"line":110,"column":91}},"110":{"start":{"line":111,"column":0},"end":{"line":111,"column":60}},"111":{"start":{"line":112,"column":0},"end":{"line":112,"column":56}},"113":{"start":{"line":114,"column":0},"end":{"line":114,"column":45}},"114":{"start":{"line":115,"column":0},"end":{"line":115,"column":60}},"115":{"start":{"line":116,"column":0},"end":{"line":116,"column":5}},"117":{"start":{"line":118,"column":0},"end":{"line":118,"column":75}},"119":{"start":{"line":120,"column":0},"end":{"line":120,"column":76}},"120":{"start":{"line":121,"column":0},"end":{"line":121,"column":37}},"121":{"start":{"line":122,"column":0},"end":{"line":122,"column":58}},"122":{"start":{"line":123,"column":0},"end":{"line":123,"column":5}},"124":{"start":{"line":125,"column":0},"end":{"line":125,"column":12}},"125":{"start":{"line":126,"column":0},"end":{"line":126,"column":35}},"126":{"start":{"line":127,"column":0},"end":{"line":127,"column":100}},"127":{"start":{"line":128,"column":0},"end":{"line":128,"column":94}},"128":{"start":{"line":129,"column":0},"end":{"line":129,"column":38}},"129":{"start":{"line":130,"column":0},"end":{"line":130,"column":50}},"130":{"start":{"line":131,"column":0},"end":{"line":131,"column":42}},"131":{"start":{"line":132,"column":0},"end":{"line":132,"column":40}},"132":{"start":{"line":133,"column":0},"end":{"line":133,"column":77}},"133":{"start":{"line":134,"column":0},"end":{"line":134,"column":5}},"134":{"start":{"line":135,"column":0},"end":{"line":135,"column":1}}},"s":{"0":1,"2":1,"3":1,"41":2,"42":2,"44":2,"45":2,"46":2,"47":2,"48":2,"49":2,"50":2,"51":2,"53":2,"54":0,"55":0,"56":0,"58":1,"59":1,"61":2,"62":2,"63":2,"64":2,"65":2,"66":2,"68":2,"69":2,"70":1,"71":1,"72":1,"73":1,"74":2,"75":1,"76":1,"78":2,"79":2,"80":2,"81":2,"82":2,"84":2,"85":2,"86":2,"87":2,"88":2,"89":2,"90":2,"91":2,"92":2,"93":2,"95":4,"96":4,"97":4,"98":4,"99":4,"101":4,"102":1,"103":1,"104":1,"106":3,"107":3,"109":4,"110":4,"111":4,"113":4,"114":1,"115":1,"117":4,"119":4,"120":4,"121":1,"122":1,"124":2,"125":2,"126":2,"127":2,"128":2,"129":2,"130":2,"131":2,"132":2,"133":2,"134":2},"branchMap":{"0":{"type":"branch","line":42,"loc":{"start":{"line":42,"column":0},"end":{"line":60,"column":1}},"locations":[{"start":{"line":42,"column":0},"end":{"line":60,"column":1}}]},"1":{"type":"branch","line":52,"loc":{"start":{"line":52,"column":5},"end":{"line":54,"column":17}},"locations":[{"start":{"line":52,"column":5},"end":{"line":54,"column":17}}]},"2":{"type":"branch","line":54,"loc":{"start":{"line":54,"column":17},"end":{"line":57,"column":5}},"locations":[{"start":{"line":54,"column":17},"end":{"line":57,"column":5}}]},"3":{"type":"branch","line":57,"loc":{"start":{"line":57,"column":4},"end":{"line":60,"column":1}},"locations":[{"start":{"line":57,"column":4},"end":{"line":60,"column":1}}]},"4":{"type":"branch","line":62,"loc":{"start":{"line":62,"column":0},"end":{"line":94,"column":1}},"locations":[{"start":{"line":62,"column":0},"end":{"line":94,"column":1}}]},"5":{"type":"branch","line":70,"loc":{"start":{"line":70,"column":26},"end":{"line":71,"column":28}},"locations":[{"start":{"line":70,"column":26},"end":{"line":71,"column":28}}]},"6":{"type":"branch","line":71,"loc":{"start":{"line":71,"column":21},"end":{"line":72,"column":38}},"locations":[{"start":{"line":71,"column":21},"end":{"line":72,"column":38}}]},"7":{"type":"branch","line":72,"loc":{"start":{"line":72,"column":31},"end":{"line":73,"column":21}},"locations":[{"start":{"line":72,"column":31},"end":{"line":73,"column":21}}]},"8":{"type":"branch","line":73,"loc":{"start":{"line":73,"column":9},"end":{"line":74,"column":16}},"locations":[{"start":{"line":73,"column":9},"end":{"line":74,"column":16}}]},"9":{"type":"branch","line":75,"loc":{"start":{"line":75,"column":6},"end":{"line":79,"column":67}},"locations":[{"start":{"line":75,"column":6},"end":{"line":79,"column":67}}]},"10":{"type":"branch","line":79,"loc":{"start":{"line":79,"column":58},"end":{"line":79,"column":78}},"locations":[{"start":{"line":79,"column":58},"end":{"line":79,"column":78}}]},"11":{"type":"branch","line":96,"loc":{"start":{"line":96,"column":0},"end":{"line":108,"column":1}},"locations":[{"start":{"line":96,"column":0},"end":{"line":108,"column":1}}]},"12":{"type":"branch","line":102,"loc":{"start":{"line":102,"column":17},"end":{"line":105,"column":5}},"locations":[{"start":{"line":102,"column":17},"end":{"line":105,"column":5}}]},"13":{"type":"branch","line":105,"loc":{"start":{"line":105,"column":4},"end":{"line":108,"column":1}},"locations":[{"start":{"line":105,"column":4},"end":{"line":108,"column":1}}]},"14":{"type":"branch","line":110,"loc":{"start":{"line":110,"column":0},"end":{"line":135,"column":1}},"locations":[{"start":{"line":110,"column":0},"end":{"line":135,"column":1}}]},"15":{"type":"branch","line":114,"loc":{"start":{"line":114,"column":9},"end":{"line":114,"column":44}},"locations":[{"start":{"line":114,"column":9},"end":{"line":114,"column":44}}]},"16":{"type":"branch","line":114,"loc":{"start":{"line":114,"column":44},"end":{"line":116,"column":5}},"locations":[{"start":{"line":114,"column":44},"end":{"line":116,"column":5}}]},"17":{"type":"branch","line":116,"loc":{"start":{"line":116,"column":4},"end":{"line":118,"column":60}},"locations":[{"start":{"line":116,"column":4},"end":{"line":118,"column":60}}]},"18":{"type":"branch","line":118,"loc":{"start":{"line":118,"column":51},"end":{"line":118,"column":69}},"locations":[{"start":{"line":118,"column":51},"end":{"line":118,"column":69}}]},"19":{"type":"branch","line":118,"loc":{"start":{"line":118,"column":60},"end":{"line":118,"column":75}},"locations":[{"start":{"line":118,"column":60},"end":{"line":118,"column":75}}]},"20":{"type":"branch","line":121,"loc":{"start":{"line":121,"column":36},"end":{"line":123,"column":5}},"locations":[{"start":{"line":121,"column":36},"end":{"line":123,"column":5}}]},"21":{"type":"branch","line":123,"loc":{"start":{"line":123,"column":4},"end":{"line":135,"column":1}},"locations":[{"start":{"line":123,"column":4},"end":{"line":135,"column":1}}]}},"b":{"0":[2],"1":[1],"2":[0],"3":[1],"4":[2],"5":[1],"6":[1],"7":[1],"8":[1],"9":[1],"10":[0],"11":[4],"12":[1],"13":[3],"14":[4],"15":[3],"16":[1],"17":[3],"18":[2],"19":[1],"20":[1],"21":[2]},"fnMap":{"0":{"name":"updateAppSettings","decl":{"start":{"line":42,"column":0},"end":{"line":60,"column":1}},"loc":{"start":{"line":42,"column":0},"end":{"line":60,"column":1}},"line":42},"1":{"name":"toAppSettingsUpdatePayload","decl":{"start":{"line":62,"column":0},"end":{"line":94,"column":1}},"loc":{"start":{"line":62,"column":0},"end":{"line":94,"column":1}},"line":62},"2":{"name":"getAppSettings","decl":{"start":{"line":96,"column":0},"end":{"line":108,"column":1}},"loc":{"start":{"line":96,"column":0},"end":{"line":108,"column":1}},"line":96},"3":{"name":"parseAppDataToAppSettings","decl":{"start":{"line":110,"column":0},"end":{"line":135,"column":1}},"loc":{"start":{"line":110,"column":0},"end":{"line":135,"column":1}},"line":110}},"f":{"0":2,"1"
[...]
,"/Users/nickclouse/projects/GamePlan/frontend/src/util/ReservationErrorMessages.ts": {"path":"/Users/nickclouse/projects/GamePlan/frontend/src/util/ReservationErrorMessages.ts","all":false,"statementMap":{"0":{"start":{"line":1,"column":0},"end":{"line":1,"column":72}},"1":{"start":{"line":2,"column":0},"end":{"line":2,"column":22}},"2":{"start":{"line":3,"column":0},"end":{"line":3,"column":70}},"3":{"start":{"line":4,"column":0},"end":{"line":4,"column":5}},"5":{"start":{"line":6,"column":0},"end":{"line":6,"column":48}},"7":{"start":{"line":8,"column":0},"end":{"line":8,"column":66}},"8":{"start":{"line":9,"column":0},"end":{"line":9,"column":122}},"9":{"start":{"line":10,"column":0},"end":{"line":10,"column":5}},"11":{"start":{"line":12,"column":0},"end":{"line":12,"column":60}},"12":{"start":{"line":13,"column":0},"end":{"line":13,"column":73}},"13":{"start":{"line":14,"column":0},"end":{"line":14,"column":171}},"14":{"start":{"line":15,"column":0},"end":{"line":15,"column":5}},"16":{"start":{"line":17,"column":0},"end":{"line":17,"column":67}},"17":{"start":{"line":18,"column":0},"end":{"line":18,"column":60}},"18":{"start":{"line":19,"column":0},"end":{"line":19,"column":5}},"21":{"start":{"line":22,"column":0},"end":{"line":22,"column":70}},"22":{"start":{"line":23,"column":0},"end":{"line":23,"column":68}},"23":{"start":{"line":24,"column":0},"end":{"line":24,"column":5}},"25":{"start":{"line":26,"column":0},"end":{"line":26,"column":53}},"26":{"start":{"line":27,"column":0},"end":{"line":27,"column":90}},"27":{"start":{"line":28,"column":0},"end":{"line":28,"column":5}},"29":{"start":{"line":30,"column":0},"end":{"line":30,"column":67}},"30":{"start":{"line":31,"column":0},"end":{"line":31,"column":70}},"31":{"start":{"line":32,"column":0},"end":{"line":32,"column":5}},"33":{"start":{"line":34,"column":0},"end":{"line":34,"column":22}},"34":{"start":{"line":35,"column":0},"end":{"line":35,"column":1}}},"s":{"0":1,"1":11,"2":1,"3":1,"5":10,"7":11,"8":1,"9":1,"11":9,"12":11,"13":2,"14":2,"16":11,"17":1,"18":1,"21":11,"22":1,"23":1,"25":11,"26":1,"27":1,"29":11,"30":3,"31":3,"33":1,"34":1},"branchMap":{"0":{"type":"branch","line":1,"loc":{"start":{"line":1,"column":7},"end":{"line":35,"column":1}},"locations":[{"start":{"line":1,"column":7},"end":{"line":35,"column":1}}]},"1":{"type":"branch","line":2,"loc":{"start":{"line":2,"column":21},"end":{"line":4,"column":5}},"locations":[{"start":{"line":2,"column":21},"end":{"line":4,"column":5}}]},"2":{"type":"branch","line":4,"loc":{"start":{"line":4,"column":4},"end":{"line":8,"column":65}},"locations":[{"start":{"line":4,"column":4},"end":{"line":8,"column":65}}]},"3":{"type":"branch","line":8,"loc":{"start":{"line":8,"column":65},"end":{"line":10,"column":5}},"locations":[{"start":{"line":8,"column":65},"end":{"line":10,"column":5}}]},"4":{"type":"branch","line":10,"loc":{"start":{"line":10,"column":4},"end":{"line":12,"column":60}},"locations":[{"start":{"line":10,"column":4},"end":{"line":12,"column":60}}]},"5":{"type":"branch","line":12,"loc":{"start":{"line":12,"column":59},"end":{"line":13,"column":72}},"locations":[{"start":{"line":12,"column":59},"end":{"line":13,"column":72}}]},"6":{"type":"branch","line":13,"loc":{"start":{"line":13,"column":72},"end":{"line":15,"column":5}},"locations":[{"start":{"line":13,"column":72},"end":{"line":15,"column":5}}]},"7":{"type":"branch","line":15,"loc":{"start":{"line":15,"column":4},"end":{"line":17,"column":66}},"locations":[{"start":{"line":15,"column":4},"end":{"line":17,"column":66}}]},"8":{"type":"branch","line":17,"loc":{"start":{"line":17,"column":66},"end":{"line":19,"column":5}},"locations":[{"start":{"line":17,"column":66},"end":{"line":19,"column":5}}]},"9":{"type":"branch","line":19,"loc":{"start":{"line":19,"column":4},"end":{"line":22,"column":69}},"locations":[{"start":{"line":19,"column":4},"end":{"line":22,"column":69}}]},"10":{"type":"branch","line":22,"loc":{"start":{"line":22,"column":69},"end":{"line":24,"column":5}},"locations":[{"start":{"line":22,"column":69},"end":{"line":24,"column":5}}]},"11":{"type":"branch","line":24,"loc":{"start":{"line":24,"column":4},"end":{"line":26,"column":52}},"locations":[{"start":{"line":24,"column":4},"end":{"line":26,"column":52}}]},"12":{"type":"branch","line":26,"loc":{"start":{"line":26,"column":52},"end":{"line":28,"column":5}},"locations":[{"start":{"line":26,"column":52},"end":{"line":28,"column":5}}]},"13":{"type":"branch","line":28,"loc":{"start":{"line":28,"column":4},"end":{"line":30,"column":66}},"locations":[{"start":{"line":28,"column":4},"end":{"line":30,"column":66}}]},"14":{"type":"branch","line":30,"loc":{"start":{"line":30,"column":66},"end":{"line":35,"column":1}},"locations":[{"start":{"line":30,"column":66},"end":{"line":35,"column":1}}]},"15":{"type":"branch","line":32,"loc":{"start":{"line":32,"column":4},"end":{"line":35,"column":1}},"locations":[{"start":{"line":32,"column":4},"end":{"line":35,"column":1}}]}},"b":{"0":[11],"1":[1],"2":[10],"3":[1],"4":[9],"5":[8],"6":[2],"7":[7],"8":[1],"9":[6],"10":[1],"11":[5],"12":[1],"13":[4],"14":[3],"15":[1]},"fnMap":{"0":{"name":"getFriendlyReservationErrorMessage","decl":{"start":{"line":1,"column":7},"end":{"line":35,"column":1}},"loc":{"start":{"line":1,"column":7},"end":{"line":35,"column":1}},"line":1}},"f":{"0":11}}
,"/Users/nickclouse/projects/GamePlan/frontend/src/util/Time.ts": {"path":"/Users/nickclouse/projects/GamePlan/frontend/src/util/Time.ts","all":false,"statementMap":{"3":{"start":{"line":4,"column":0},"end":{"line":4,"column":84}},"6":{"start":{"line":7,"column":0},"end":{"line":7,"column":65}},"7":{"start":{"line":8,"column":0},"end":{"line":8,"column":31}},"8":{"start":{"line":9,"column":0},"end":{"line":9,"column":47}},"9":{"start":{"line":10,"column":0},"end":{"line":10,"column":20}},"10":{"start":{"line":11,"column":0},"end":{"line":11,"column":5}},"11":{"start":{"line":12,"column":0},"end":{"line":12,"column":27}},"12":{"start":{"line":13,"column":0},"end":{"line":13,"column":2}},"15":{"start":{"line":16,"column":0},"end":{"line":16,"column":62}},"16":{"start":{"line":17,"column":0},"end":{"line":17,"column":46}},"17":{"start":{"line":18,"column":0},"end":{"line":18,"column":20}},"18":{"start":{"line":19,"column":0},"end":{"line":19,"column":5}},"20":{"start":{"line":21,"column":0},"end":{"line":21,"column":54}},"21":{"start":{"line":22,"column":0},"end":{"line":22,"column":8}},"22":{"start":{"line":23,"column":0},"end":{"line":23,"column":29}},"23":{"start":{"line":24,"column":0},"end":{"line":24,"column":31}},"24":{"start":{"line":25,"column":0},"end":{"line":25,"column":19}},"25":{"start":{"line":26,"column":0},"end":{"line":26,"column":20}},"26":{"start":{"line":27,"column":0},"end":{"line":27,"column":21}},"27":{"start":{"line":28,"column":0},"end":{"line":28,"column":19}},"28":{"start":{"line":29,"column":0},"end":{"line":29,"column":7}},"29":{"start":{"line":30,"column":0},"end":{"line":30,"column":20}},"30":{"start":{"line":31,"column":0},"end":{"line":31,"column":5}},"32":{"start":{"line":33,"column":0},"end":{"line":33,"column":12}},"33":{"start":{"line":34,"column":0},"end":{"line":34,"column":13}},"34":{"start":{"line":35,"column":0},"end":{"line":35,"column":15}},"35":{"start":{"line":36,"column":0},"end":{"line":36,"column":41}},"36":{"start":{"line":37,"column":0},"end":{"line":37,"column":6}},"37":{"start":{"line":38,"column":0},"end":{"line":38,"column":2}}},"s":{"3":1,"6":1,"7":17,"8":17,"9":4,"10":4,"11":13,"12":13,"15":1,"16":22,"17":3,"18":3,"20":19,"21":19,"22":19,"23":19,"24":19,"25":19,"26":18,"27":18,"28":22,"29":2,"30":2,"32":17,"33":17,"34":17,"35":17,"36":17,"37":17},"branchMap":{"0":{"type":"branch","line":4,"loc":{"start":{"line":4,"column":31},"end":{"line":4,"column":84}},"locations":[{"start":{"line":4,"column":31},"end":{"line":4,"column":84}}]},"1":{"type":"branch","line":7,"loc":{"start":{"line":7,"column":32},"end":{"line":13,"column":2}},"locations":[{"start":{"line":7,"column":32},"end":{"line":13,"column":2}}]},"2":{"type":"branch","line":9,"loc":{"start":{"line":9,"column":9},"end":{"line":9,"column":46}},"locations":[{"start":{"line":9,"column":9},"end":{"line":9,"column":46}}]},"3":{"type":"branch","line":9,"loc":{"start":{"line":9,"column":46},"end":{"line":11,"column":5}},"locations":[{"start":{"line":9,"column":46},"end":{"line":11,"column":5}}]},"4":{"type":"branch","line":11,"loc":{"start":{"line":11,"column":4},"end":{"line":13,"column":2}},"locations":[{"start":{"line":11,"column":4},"end":{"line":13,"column":2}}]},"5":{"type":"branch","line":16,"loc":{"start":{"line":16,"column":25},"end":{"line":38,"column":2}},"locations":[{"start":{"line":16,"column":25},"end":{"line":38,"column":2}}]},"6":{"type":"branch","line":17,"loc":{"start":{"line":17,"column":45},"end":{"line":19,"column":5}},"locations":[{"start":{"line":17,"column":45},"end":{"line":19,"column":5}}]},"7":{"type":"branch","line":19,"loc":{"start":{"line":19,"column":4},"end":{"line":24,"column":31}},"locations":[{"start":{"line":19,"column":4},"end":{"line":24,"column":31}}]},"8":{"type":"branch","line":24,"loc":{"start":{"line":24,"column":27},"end":{"line":25,"column":19}},"locations":[{"start":{"line":24,"column":27},"end":{"line":25,"column":19}}]},"9":{"type":"branch","line":25,"loc":{"start":{"line":25,"column":15},"end":{"line":26,"column":20}},"locations":[{"start":{"line":25,"column":15},"end":{"line":26,"column":20}}]},"10":{"type":"branch","line":26,"loc":{"start":{"line":26,"column":15},"end":{"line":27,"column":21}},"locations":[{"start":{"line":26,"column":15},"end":{"line":27,"column":21}}]},"11":{"type":"branch","line":27,"loc":{"start":{"line":27,"column":17},"end":{"line":28,"column":19}},"locations":[{"start":{"line":27,"column":17},"end":{"line":28,"column":19}}]},"12":{"type":"branch","line":29,"loc":{"start":{"line":29,"column":6},"end":{"line":38,"column":2}},"locations":[{"start":{"line":29,"column":6},"end":{"line":38,"column":2}}]},"13":{"type":"branch","line":29,"loc":{"start":{"line":29,"column":6},"end":{"line":31,"column":5}},"locations":[{"start":{"line":29,"column":6},"end":{"line":31,"column":5}}]},"14":{"type":"branch","line":31,"loc":{"start":{"line":31,"column":4},"end":{"line":38,"column":2}},"locations":[{"start":{"line":31,"column":4},"end":{"line":38,"column":2}}]}},"b":{"0":[7],"1":[17],"2":[16],"3":[4],"4":[13],"5":[22],"6":[3],"7":[19],"8":[19],"9":[19],"10":[18],"11":[18],"12":[18],"13":[2],"14":[17]},"fnMap":{"0":{"name":"formatTwoDigits","decl":{"start":{"line":4,"column":31},"end":{"line":4,"column":84}},"loc":{"start":{"line":4,"column":31},"end":{"line":4,"column":84}},"line":4},"1":{"name":"parseWholeNumber","decl":{"start":{"line":7,"column":32},"end":{"line":13,"column":2}},"loc":{"start":{"line":7,"column":32},"end":{"line":13,"column":2}},"line":7},"2":{"name":"parseTime","decl":{"start":{"line":16,"column":25},"end":{"line":38,"column":2}},"loc":{"start":{"line":16,"column":25},"end":{"line":38,"column":2}},"line":16}},"f":{"0":7,"1":17,"2":22}}
,"/Users/nickclouse/projects/GamePlan/frontend/src/util/TimeOptions.ts": {"path":"/Users/nickclouse/projects/GamePlan/frontend/src/util/TimeOptions.ts","all":false,"statementMap":{"0":{"start":{"line":1,"column":0},"end":{"line":1,"column":42}},"8":{"start":{"line":9,"column":0},"end":{"line":9,"column":33}},"9":{"start":{"line":10,"column":0},"end":{"line":10,"column":21}},"10":{"start":{"line":11,"column":0},"end":{"line":11,"column":19}},"11":{"start":{"line":12,"column":0},"end":{"line":12,"column":23}},"12":{"start":{"line":13,"column":0},"end":{"line":13,"column":20}},"13":{"start":{"line":14,"column":0},"end":{"line":14,"column":58}},"14":{"start":{"line":15,"column":0},"end":{"line":15,"column":18}},"15":{"start":{"line":16,"column":0},"end":{"line":16,"column":5}},"17":{"start":{"line":18,"column":0},"end":{"line":18,"column":37}},"18":{"start":{"line":19,"column":0},"end":{"line":19,"column":28}},"20":{"start":{"line":21,"column":0},"end":{"line":21,"column":66}},"21":{"start":{"line":22,"column":0},"end":{"line":22,"column":22}},"22":{"start":{"line":23,"column":0},"end":{"line":23,"column":43}},"23":{"start":{"line":24,"column":0},"end":{"line":24,"column":44}},"24":{"start":{"line":25,"column":0},"end":{"line":25,"column":11}},"26":{"start":{"line":27,"column":0},"end":{"line":27,"column":53}},"27":{"start":{"line":28,"column":0},"end":{"line":28,"column":5}},"29":{"start":{"line":30,"column":0},"end":{"line":30,"column":19}},"30":{"start":{"line":31,"column":0},"end":{"line":31,"column":2}},"33":{"start":{"line":34,"column":0},"end":{"line":34,"column":39}},"34":{"start":{"line":35,"column":0},"end":{"line":35,"column":26}},"35":{"start":{"line":36,"column":0},"end":{"line":36,"column":31}},"36":{"start":{"line":37,"column":0},"end":{"line":37,"column":24}},"37":{"start":{"line":38,"column":0},"end":{"line":38,"column":20}},"38":{"start":{"line":39,"column":0},"end":{"line":39,"column":24}},"39":{"start":{"line":40,"column":0},"end":{"line":40,"column":23}},"40":{"start":{"line":41,"column":0},"end":{"line":41,"column":5}},"42":{"start":{"line":43,"column":0},"end":{"line":43,"column":44}},"43":{"start":{"line":44,"column":0},"end":{"line":44,"column":18}},"44":{"start":{"line":45,"column":0},"end":{"line":45,"column":5}},"46":{"start":{"line":47,"column":0},"end":{"line":47,"column":43}},"47":{"start":{"line":48,"column":0},"end":{"line":48,"column":23}},"48":{"start":{"line":49,"column":0},"end":{"line":49,"column":5}},"50":{"start":{"line":51,"column":0},"end":{"line":51,"column":39}},"51":{"start":{"line":52,"column":0},"end":{"line":52,"column":67}},"52":{"start":{"line":53,"column":0},"end":{"line":53,"column":57}},"53":{"start":{"line":54,"column":0},"end":{"line":54,"column":25}},"54":{"start":{"line":55,"column":0},"end":{"line":55,"column":9}},"56":{"start":{"line":57,"column":0},"end":{"line":57,"column":43}},"57":{"start":{"line":58,"column":0},"end":{"line":58,"column":23}},"58":{"start":{"line":59,"column":0},"end":{"line":59,"column":27}},"59":{"start":{"line":60,"column":0},"end":{"line":60,"column":22}},"60":{"start":{"line":61,"column":0},"end":{"line":61,"column":28}},"62":{"start":{"line":63,"column":0},"end":{"line":63,"column":45}},"63":{"start":{"line":64,"column":0},"end":{"line":64,"column":7}},"64":{"start":{"line":65,"column":0},"end":{"line":65,"column":2}}},"s":{"0":1,"8":1,"9":18,"10":18,"11":18,"12":18,"13":18,"14":2,"15":2,"17":16,"18":16,"20":18,"21":204,"22":204,"23":204,"24":204,"26":204,"27":204,"29":16,"30":16,"33":1,"34":20,"35":20,"36":20,"37":20,"38":20,"39":2,"40":2,"42":20,"43":2,"44":2,"46":18,"47":15,"48":15,"50":1,"51":4,"52":4,"53":1,"54":1,"56":3,"57":3,"58":3,"59":3,"60":3,"62":3,"63":1,"64":1},"branchMap":{"0":{"type":"branch","line":9,"loc":{"start":{"line":9,"column":32},"end":{"line":31,"column":2}},"locations":[{"start":{"line":9,"column":32},"end":{"line":31,"column":2}}]},"1":{"type":"branch","line":14,"loc":{"start":{"line":14,"column":23},"end":{"line":14,"column":57}},"locations":[{"start":{"line":14,"column":23},"end":{"line":14,"column":57}}]},"2":{"type":"branch","line":14,"loc":{"start":{"line":14,"column":57},"end":{"line":16,"column":5}},"locations":[{"start":{"line":14,"column":57},"end":{"line":16,"column":5}}]},"3":{"type":"branch","line":16,"loc":{"start":{"line":16,"column":4},"end":{"line":21,"column":40}},"locations":[{"start":{"line":16,"column":4},"end":{"line":21,"column":40}}]},"4":{"type":"branch","line":21,"loc":{"start":{"line":21,"column":35},"end":{"line":21,"column":65}},"locations":[{"start":{"line":21,"column":35},"end":{"line":21,"column":65}}]},"5":{"type":"branch","line":21,"loc":{"start":{"line":21,"column":65},"end":{"line":28,"column":5}},"locations":[{"start":{"line":21,"column":65},"end":{"line":28,"column":5}}]},"6":{"type":"branch","line":28,"loc":{"start":{"line":28,"column":4},"end":{"line":31,"column":2}},"locations":[{"start":{"line":28,"column":4},"end":{"line":31,"column":2}}]},"7":{"type":"branch","line":34,"loc":{"start":{"line":34,"column":38},"end":{"line":65,"column":2}},"locations":[{"start":{"line":34,"column":38},"end":{"line":65,"column":2}}]},"8":{"type":"branch","line":39,"loc":{"start":{"line":39,"column":23},"end":{"line":41,"column":5}},"locations":[{"start":{"line":39,"column":23},"end":{"line":41,"column":5}}]},"9":{"type":"branch","line":41,"loc":{"start":{"line":41,"column":4},"end":{"line":43,"column":43}},"locations":[{"start":{"line":41,"column":4},"end":{"line":43,"column":43}}]},"10":{"type":"branch","line":43,"loc":{"start":{"line":43,"column":43},"end":{"line":45,"column":5}},"locations":[{"start":{"line":43,"column":43},"end":{"line":45,"column":5}}]},"11":{"type":"branch","line":45,"loc":{"start":{"line":45,"column":4},"end":{"line":49,"column":5}},"locations":[{"start":{"line":45,"column":4},"end":{"line":49,"column":5}}]},"12":{"type":"branch","line":45,"loc":{"start":{"line":45,"column":4},"end":{"line":47,"column":42}},"locations":[{"start":{"line":45,"column":4},"end":{"line":47,"column":42}}]},"13":{"type":"branch","line":47,"loc":{"start":{"line":47,"column":42},"end":{"line":49,"column":5}},"locations":[{"start":{"line":47,"column":42},"end":{"line":49,"column":5}}]},"14":{"type":"branch","line":49,"loc":{"start":{"line":49,"column":4},"end":{"line":65,"column":2}},"locations":[{"start":{"line":49,"column":4},"end":{"line":65,"column":2}}]},"15":{"type":"branch","line":51,"loc":{"start":{"line":51,"column":26},"end":{"line":64,"column":5}},"locations":[{"start":{"line":51,"column":26},"end":{"line":64,"column":5}}]},"16":{"type":"branch","line":53,"loc":{"start":{"line":53,"column":29},"end":{"line":53,"column":56}},"locations":[{"start":{"line":53,"column":29},"end":{"line":53,"column":56}}]},"17":{"type":"branch","line":53,"loc":{"start":{"line":53,"column":56},"end":{"line":55,"column":9}},"locations":[{"start":{"line":53,"column":56},"end":{"line":55,"column":9}}]},"18":{"type":"branch","line":55,"loc":{"start":{"line":55,"column":8},"end":{"line":63,"column":45}},"locations":[{"start":{"line":55,"column":8},"end":{"line":63,"column":45}}]}},"b":{"0":[18],"1":[17],"2":[2],"3":[16],"4":[32],"5":[204],"6":[16],"7":[20],"8":[2],"9":[18],"10":[2],"11":[18],"12":[16],"13":[15],"14":[1],"15":[4],"16":[3],"17":[1],"18":[3]},"fnMap":{"0":{"name":"buildTimeOptions","decl":{"start":{"line":9,"column":32},"end":{"line":31,"column":2}},"loc":{"start":{"line":9,"column":32},"end":{"line":31,"column":2}},"line":9},"1":{"name":"filterPastTimesForDate","decl":{"start":{"line":34,"column":38},"end":{"line":65,"column":2}},"loc":{"start":{"line":34,"column":38},"end":{"line":65,"column":2}},"line":34}},"f":{"0":18,"1":20}}
}
